timestamp,level,flow_run_id,task_run_id,message
2025-09-12 02:30:45.617227+00:00,20,6b24e13b-a04c-4bad-9280-68db44f902b7,,Worker 'KubernetesWorker 60ba2673-f28e-4e96-bb27-de594dcc54dd' submitting flow run '6b24e13b-a04c-4bad-9280-68db44f902b7'
2025-09-12 02:30:46.034594+00:00,20,6b24e13b-a04c-4bad-9280-68db44f902b7,,Creating Kubernetes job...
2025-09-12 02:30:46.544665+00:00,20,6b24e13b-a04c-4bad-9280-68db44f902b7,,Completed submission of flow run '6b24e13b-a04c-4bad-9280-68db44f902b7'
2025-09-12 02:30:54.117193+00:00,20,6b24e13b-a04c-4bad-9280-68db44f902b7,,Opening process...
2025-09-12 02:30:57.246548+00:00,20,6b24e13b-a04c-4bad-9280-68db44f902b7,, > Running git_clone step...
2025-09-12 02:31:02.937499+00:00,20,6b24e13b-a04c-4bad-9280-68db44f902b7,,Beginning flow run 'massive-dog' for flow 'run-bhc-change-detection-flow'
2025-09-12 02:31:02.944031+00:00,20,6b24e13b-a04c-4bad-9280-68db44f902b7,,Using quad ID: L15-1748E-1260N
2025-09-12 02:31:02.945591+00:00,20,6b24e13b-a04c-4bad-9280-68db44f902b7,,Input path: /nas/COG/basemap_planet/Y2024/M11/D01/basemap_planet_global_monthly_2024_11_mosaic/40000_global_monthly_2024_11_mosaic_cog.tif
2025-09-12 02:31:02.946892+00:00,20,6b24e13b-a04c-4bad-9280-68db44f902b7,,Output directory: /nas/Projects/N-BHC24A/change_detection
2025-09-12 02:31:03.180521+00:00,20,6b24e13b-a04c-4bad-9280-68db44f902b7,01993bc3-0e3b-744c-ab3c-9874bc888107,This job ID will be used - prefect-massive-dog-1
2025-09-12 02:31:03.185692+00:00,20,6b24e13b-a04c-4bad-9280-68db44f902b7,01993bc3-0e3b-744c-ab3c-9874bc888107,Finished in state Completed()
2025-09-12 02:31:03.526209+00:00,20,6b24e13b-a04c-4bad-9280-68db44f902b7,01993bc3-0f14-7708-ac31-ad94fa1d06fa,No completed run found for quad_id 'L15-1748E-1260N' in 2024-10.
2025-09-12 02:31:03.533618+00:00,20,6b24e13b-a04c-4bad-9280-68db44f902b7,01993bc3-0f14-7708-ac31-ad94fa1d06fa,Finished in state Completed()
2025-09-12 02:31:03.539326+00:00,40,6b24e13b-a04c-4bad-9280-68db44f902b7,,"Encountered exception during execution: FileNotFoundError('Previous month segmentation data not found for 40000_global_monthly_2024_11_mosaic_cog--L15-1748E-1260N--building.gpkg')
Traceback (most recent call last):
  File ""/usr/local/lib/python3.10/site-packages/prefect/flow_engine.py"", line 782, in run_context
    yield self
  File ""/usr/local/lib/python3.10/site-packages/prefect/flow_engine.py"", line 1397, in run_flow_sync
    engine.call_flow_fn()
  File ""/usr/local/lib/python3.10/site-packages/prefect/flow_engine.py"", line 802, in call_flow_fn
    result = call_with_parameters(self.flow.fn, self.parameters)
  File ""/usr/local/lib/python3.10/site-packages/prefect/utilities/callables.py"", line 210, in call_with_parameters
    return fn(*args, **kwargs)
  File ""/app/modint-prefect-hotfix-added-separate-worker-for-bhc/modint_prefect/prefect_flow.py"", line 756, in run_bhc_change_detection_flow
    raise FileNotFoundError(f""Previous month segmentation data not found for {current_month_filename}"")
FileNotFoundError: Previous month segmentation data not found for 40000_global_monthly_2024_11_mosaic_cog--L15-1748E-1260N--building.gpkg"
2025-09-12 02:31:03.629967+00:00,20,6b24e13b-a04c-4bad-9280-68db44f902b7,,Finished in state Failed('Flow run encountered an exception: FileNotFoundError: Previous month segmentation data not found for 40000_global_monthly_2024_11_mosaic_cog--L15-1748E-1260N--building.gpkg')
2025-09-12 02:31:03.638270+00:00,40,6b24e13b-a04c-4bad-9280-68db44f902b7,,"Engine execution exited with unexpected exception
Traceback (most recent call last):
  File ""/usr/local/lib/python3.10/site-packages/prefect/flow_engine.py"", line 1554, in run_flow
    ret_val = run_flow_sync(**kwargs)
  File ""/usr/local/lib/python3.10/site-packages/prefect/flow_engine.py"", line 1399, in run_flow_sync
    return engine.state if return_type == ""state"" else engine.result()
  File ""/usr/local/lib/python3.10/site-packages/prefect/flow_engine.py"", line 361, in result
    raise self._raised
  File ""/usr/local/lib/python3.10/site-packages/prefect/flow_engine.py"", line 782, in run_context
    yield self
  File ""/usr/local/lib/python3.10/site-packages/prefect/flow_engine.py"", line 1397, in run_flow_sync
    engine.call_flow_fn()
  File ""/usr/local/lib/python3.10/site-packages/prefect/flow_engine.py"", line 802, in call_flow_fn
    result = call_with_parameters(self.flow.fn, self.parameters)
  File ""/usr/local/lib/python3.10/site-packages/prefect/utilities/callables.py"", line 210, in call_with_parameters
    return fn(*args, **kwargs)
  File ""/app/modint-prefect-hotfix-added-separate-worker-for-bhc/modint_prefect/prefect_flow.py"", line 756, in run_bhc_change_detection_flow
    raise FileNotFoundError(f""Previous month segmentation data not found for {current_month_filename}"")
FileNotFoundError: Previous month segmentation data not found for 40000_global_monthly_2024_11_mosaic_cog--L15-1748E-1260N--building.gpkg"
2025-09-12 02:31:04.426155+00:00,40,6b24e13b-a04c-4bad-9280-68db44f902b7,,Process for flow run 'massive-dog' exited with status code: 1
