timestamp,level,flow_run_id,task_run_id,message
2025-09-02 04:51:18.097284+00:00,20,84a2b3f9-c4d6-4160-a976-794a5838d693,,Worker 'KubernetesWorker 6c1a7ef3-6580-4f6c-9303-f2c1895094ef' submitting flow run '84a2b3f9-c4d6-4160-a976-794a5838d693'
2025-09-02 04:51:18.251322+00:00,20,84a2b3f9-c4d6-4160-a976-794a5838d693,,Creating Kubernetes job...
2025-09-02 04:51:18.937934+00:00,20,84a2b3f9-c4d6-4160-a976-794a5838d693,,Completed submission of flow run '84a2b3f9-c4d6-4160-a976-794a5838d693'
2025-09-02 04:51:26.023697+00:00,20,84a2b3f9-c4d6-4160-a976-794a5838d693,,Opening process...
2025-09-02 04:51:28.746987+00:00,20,84a2b3f9-c4d6-4160-a976-794a5838d693,, > Running git_clone step...
2025-09-02 04:51:34.331196+00:00,20,84a2b3f9-c4d6-4160-a976-794a5838d693,,Beginning flow run 'apricot-rabbit' for flow 'run-bhc-change-detection-flow'
2025-09-02 04:51:34.337530+00:00,20,84a2b3f9-c4d6-4160-a976-794a5838d693,,Using quad ID: L15-1750E-1274N
2025-09-02 04:51:34.339005+00:00,20,84a2b3f9-c4d6-4160-a976-794a5838d693,,Input path: /nas/COG/basemap_planet/Y2024/M11/D01/basemap_planet_global_monthly_2024_11_mosaic/40000_global_monthly_2024_11_mosaic_cog.tif
2025-09-02 04:51:34.340477+00:00,20,84a2b3f9-c4d6-4160-a976-794a5838d693,,Output directory: /nas/Projects/N-BHC24A/change_detection
2025-09-02 04:51:34.528091+00:00,20,84a2b3f9-c4d6-4160-a976-794a5838d693,019908c4-1d5f-7142-9c2f-67226a000ce1,This job ID will be used - prefect-apricot-rabbit-1
2025-09-02 04:51:34.534214+00:00,20,84a2b3f9-c4d6-4160-a976-794a5838d693,019908c4-1d5f-7142-9c2f-67226a000ce1,Finished in state Completed()
2025-09-02 04:51:34.823002+00:00,20,84a2b3f9-c4d6-4160-a976-794a5838d693,019908c4-1e09-7479-973d-98d42a4e98e9,No completed run found for quad_id 'L15-1750E-1274N' in 2024-10.
2025-09-02 04:51:34.833280+00:00,20,84a2b3f9-c4d6-4160-a976-794a5838d693,019908c4-1e09-7479-973d-98d42a4e98e9,Finished in state Completed()
2025-09-02 04:51:34.839322+00:00,40,84a2b3f9-c4d6-4160-a976-794a5838d693,,"Encountered exception during execution: FileNotFoundError('Previous month segmentation data not found for 40000_global_monthly_2024_11_mosaic_cog--L15-1750E-1274N--road.gpkg')
Traceback (most recent call last):
  File ""/usr/local/lib/python3.10/site-packages/prefect/flow_engine.py"", line 782, in run_context
    yield self
  File ""/usr/local/lib/python3.10/site-packages/prefect/flow_engine.py"", line 1397, in run_flow_sync
    engine.call_flow_fn()
  File ""/usr/local/lib/python3.10/site-packages/prefect/flow_engine.py"", line 802, in call_flow_fn
    result = call_with_parameters(self.flow.fn, self.parameters)
  File ""/usr/local/lib/python3.10/site-packages/prefect/utilities/callables.py"", line 210, in call_with_parameters
    return fn(*args, **kwargs)
  File ""/app/modint-prefect-main/modint_prefect/prefect_flow.py"", line 756, in run_bhc_change_detection_flow
    raise FileNotFoundError(f""Previous month segmentation data not found for {current_month_filename}"")
FileNotFoundError: Previous month segmentation data not found for 40000_global_monthly_2024_11_mosaic_cog--L15-1750E-1274N--road.gpkg"
2025-09-02 04:51:34.912041+00:00,20,84a2b3f9-c4d6-4160-a976-794a5838d693,,Finished in state Failed('Flow run encountered an exception: FileNotFoundError: Previous month segmentation data not found for 40000_global_monthly_2024_11_mosaic_cog--L15-1750E-1274N--road.gpkg')
2025-09-02 04:51:34.914969+00:00,40,84a2b3f9-c4d6-4160-a976-794a5838d693,,"Engine execution exited with unexpected exception
Traceback (most recent call last):
  File ""/usr/local/lib/python3.10/site-packages/prefect/flow_engine.py"", line 1554, in run_flow
    ret_val = run_flow_sync(**kwargs)
  File ""/usr/local/lib/python3.10/site-packages/prefect/flow_engine.py"", line 1399, in run_flow_sync
    return engine.state if return_type == ""state"" else engine.result()
  File ""/usr/local/lib/python3.10/site-packages/prefect/flow_engine.py"", line 361, in result
    raise self._raised
  File ""/usr/local/lib/python3.10/site-packages/prefect/flow_engine.py"", line 782, in run_context
    yield self
  File ""/usr/local/lib/python3.10/site-packages/prefect/flow_engine.py"", line 1397, in run_flow_sync
    engine.call_flow_fn()
  File ""/usr/local/lib/python3.10/site-packages/prefect/flow_engine.py"", line 802, in call_flow_fn
    result = call_with_parameters(self.flow.fn, self.parameters)
  File ""/usr/local/lib/python3.10/site-packages/prefect/utilities/callables.py"", line 210, in call_with_parameters
    return fn(*args, **kwargs)
  File ""/app/modint-prefect-main/modint_prefect/prefect_flow.py"", line 756, in run_bhc_change_detection_flow
    raise FileNotFoundError(f""Previous month segmentation data not found for {current_month_filename}"")
FileNotFoundError: Previous month segmentation data not found for 40000_global_monthly_2024_11_mosaic_cog--L15-1750E-1274N--road.gpkg"
2025-09-02 04:51:35.552687+00:00,40,84a2b3f9-c4d6-4160-a976-794a5838d693,,Process for flow run 'apricot-rabbit' exited with status code: 1
