timestamp,level,flow_run_id,task_run_id,message
2025-10-31 07:44:52.776208+00:00,20,8606d516-8e77-42ef-944c-87d89e9da29e,,Beginning subflow run 'berserk-cassowary' for flow 'run-modint-flow'
2025-10-31 07:44:52.844580+00:00,20,8606d516-8e77-42ef-944c-87d89e9da29e,019a3939-fc2c-7fe6-8519-f8b72438cf12,This job ID will be used - modint-prefect-berserk-cassowary-1
2025-10-31 07:44:52.849594+00:00,20,8606d516-8e77-42ef-944c-87d89e9da29e,019a3939-fc2c-7fe6-8519-f8b72438cf12,Finished in state Completed()
2025-10-31 07:44:53.053317+00:00,20,8606d516-8e77-42ef-944c-87d89e9da29e,019a3939-fc77-7dd6-9951-50b8d2f1f38b,Finished in state Completed()
2025-10-31 07:44:53.086567+00:00,20,8606d516-8e77-42ef-944c-87d89e9da29e,019a3939-fc7c-70e0-b498-8f34cb04a3fb,{'scene_path': '/nas/Projects/N-BHC24A/modint-prefect-workspace/temp/vrt/40000_global_monthly_2025_09_mosaic_cog_L15-1746E-1261N.vrt'}
2025-10-31 07:44:53.177624+00:00,20,8606d516-8e77-42ef-944c-87d89e9da29e,019a3939-fd99-7b46-a291-4b7a3b7b717c,Finished in state Completed()
2025-10-31 07:44:53.324998+00:00,20,8606d516-8e77-42ef-944c-87d89e9da29e,019a3939-fc77-7d28-83f6-38bfb574c135,"spawn /app/modint_prefect/utils/scheduler config
[?25l[2K[1m[32mâœ”[0m [1mServer Connection: [0m[1m:[0m â–ˆ
[J spawn /app/modint_prefect/utils/scheduler login
[?25l[2K[1m[31mâœ—[0m [1mLogin id: [0m[1m:[0m â–ˆ
[J [Jd [J[1A[2K[2K[1m[32mâœ”[0m [1mLogin id: [0m[1m:[0m dâ–ˆ
d [J [Jl [J[1A[2K[2K[1m[32mâœ”[0m [1mLogin id: [0m[1m:[0m dlâ–ˆ
l [J [Jk [J[1A[2K[2K[1m[32mâœ”[0m [1mLogin id: [0m[1m:[0m dlkâ–ˆ
k [J [J- [J[1A[2K[2K[1m[32mâœ”[0m [1mLogin id: [0m[1m:[0m dlk-â–ˆ
- [J [Jb [J[1A[2K[2K[1m[32mâœ”[0m [1mLogin id: [0m[1m:[0m dlk-bâ–ˆ
b [J [Jo [J[1A[2K[2K[1m[32mâœ”[0m [1mLogin id: [0m[1m:[0m dlk-boâ–ˆ
o [J [Jt [J[1A[2K[2K[1m[32mâœ”[0m [1mLogin id: [0m[1m:[0m dlk-botâ–ˆ
t [J [J [J[1A[2K[2K[1m[32mâœ”[0m [1mLogin id: [0m[1m:[0m dlk-botâ–ˆ
 [J[1A[2K[2K[2mLogin id: [0m[2m:[0m dlk-bot
 [J[?25h [J[?25l[2K[1m[31mâœ—[0m [1mPassword: [0m[1m:[0m â–ˆ
[J [J*[J[1A[2K[2K[1m[32mâœ”[0m [1mPassword: [0m[1m:[0m *â–ˆ
*[J [J*[J[1A[2K[2K[1m[32mâœ”[0m [1mPassword: [0m[1m:[0m **â–ˆ
*[J [J*[J[1A[2K[2K[1m[32mâœ”[0m [1mPassword: [0m[1m:[0m ***â–ˆ
*[J [J*[J[1A[2K[2K[1m[32mâœ”[0m [1mPassword: [0m[1m:[0m ****â–ˆ
*[J [J*[J[1A[2K[2K[1m[32mâœ”[0m [1mPassword: [0m[1m:[0m *****â–ˆ
*[J [J*[J[1A[2K[2K[1m[32mâœ”[0m [1mPassword: [0m[1m:[0m ******â–ˆ
*[J [J*[J[1A[2K[2K[1m[32mâœ”[0m [1mPassword: [0m[1m:[0m *******â–ˆ
*[J [J*[J[1A[2K[2K[1m[32mâœ”[0m [1mPassword: [0m[1m:[0m ********â–ˆ
*[J [J*[J[1A[2K[2K[1m[32mâœ”[0m [1mPassword: [0m[1m:[0m *********â–ˆ
*[J [J*[J[1A[2K[2K[1m[32mâœ”[0m [1mPassword: [0m[1m:[0m **********â–ˆ
*[J [J*[J[1A[2K[2K[1m[32mâœ”[0m [1mPassword: [0m[1m:[0m ***********â–ˆ
*[J [J*[J[1A[2K[2K[1m[32mâœ”[0m [1mPassword: [0m[1m:[0m ************â–ˆ
*[J [J*[J[1A[2K[2K[1m[32mâœ”[0m [1mPassword: [0m[1m:[0m *************â–ˆ
*[J [J*[J[1A[2K[2K[1m[32mâœ”[0m [1mPassword: [0m[1m:[0m **************â–ˆ
*[J [J [J[1A[2K[2K[1m[32mâœ”[0m [1mPassword: [0m[1m:[0m **************â–ˆ
[1A[2K[2K[2mPassword: [0m[2m:[0m **************
[?25hLogin succeed: dlk-bot@si-analytics.ai
Login successful
"
2025-10-31 07:44:53.331285+00:00,20,8606d516-8e77-42ef-944c-87d89e9da29e,019a3939-fc77-7d28-83f6-38bfb574c135,"Running this command in scheduler... /app/modint_prefect/utils/scheduler run --name modint-prefect-berserk-cassowary-1 --cpus 4 --memory 64Gi --gpus 1 --node a10-101,a40-102,a100-101,a6000-101,a6000-102,a6000-103,v100-101,v100-202 harbor.sia-service.kr/research/siaseg:main-20250925.12 -- python3 tools/infer.py dev-cluster.sia-service.kr 31438 modint-prefect-berserk-cassowary-1 /nas/Projects/N-BHC24A/modint-prefect-workspace/temp/inference/mysterious-cobra --run-id 62afe72246594231b621a83bc1074810 --save-polygon --polygon-type building --ext gpkg"
2025-10-31 07:44:54.421633+00:00,20,8606d516-8e77-42ef-944c-87d89e9da29e,019a3939-fc77-7d28-83f6-38bfb574c135,
2025-10-31 07:44:54.428416+00:00,20,8606d516-8e77-42ef-944c-87d89e9da29e,019a3939-fc77-7d28-83f6-38bfb574c135,Finished in state Completed()
2025-10-31 07:45:57.918662+00:00,20,8606d516-8e77-42ef-944c-87d89e9da29e,019a3939-fc7a-7ee2-a702-f25cf4f34590,"{'user': 'dlk-bot', 'status': 'Running', 'reason': '', 'age': '44s', 'node': 'a6000-101', 'gpus': '1', 'ports': ''}"
2025-10-31 07:47:03.469228+00:00,20,8606d516-8e77-42ef-944c-87d89e9da29e,019a3939-fc7a-7ee2-a702-f25cf4f34590,"{'user': 'dlk-bot', 'status': 'Running', 'reason': '', 'age': '1m', 'node': 'a6000-101', 'gpus': '1', 'ports': ''}"
2025-10-31 07:48:08.404795+00:00,20,8606d516-8e77-42ef-944c-87d89e9da29e,019a3939-fc7a-7ee2-a702-f25cf4f34590,"{'user': 'dlk-bot', 'status': 'Running', 'reason': '', 'age': '2m', 'node': 'a6000-101', 'gpus': '1', 'ports': ''}"
2025-10-31 07:49:11.283560+00:00,20,8606d516-8e77-42ef-944c-87d89e9da29e,019a3939-fc7a-7ee2-a702-f25cf4f34590,"{'user': 'dlk-bot', 'status': 'Running', 'reason': '', 'age': '3m', 'node': 'a6000-101', 'gpus': '1', 'ports': ''}"
2025-10-31 07:49:53.358725+00:00,20,8606d516-8e77-42ef-944c-87d89e9da29e,019a3939-fc7c-70e0-b498-8f34cb04a3fb,"{'msg': 'urllib3.exceptions.ResponseError: too many 502 error responses\n\nThe above exception was the direct cause of the following exception:\n\nTraceback (most recent call last):\n  File ""/usr/local/lib/python3.10/dist-packages/requests/adapters.py"", line 486, in send\n    resp = conn.urlopen(\n  File ""/usr/local/lib/python3.10/dist-packages/urllib3/connectionpool.py"", line 948, in urlopen\n    return self.urlopen(\n  File ""/usr/local/lib/python3.10/dist-packages/urllib3/connectionpool.py"", line 948, in urlopen\n    return self.urlopen(\n  File ""/usr/local/lib/python3.10/dist-packages/urllib3/connectionpool.py"", line 948, in urlopen\n    return self.urlopen(\n  [Previous line repeated 4 more times]\n  File ""/usr/local/lib/python3.10/dist-packages/urllib3/connectionpool.py"", line 938, in urlopen\n    retries = retries.increment(method, url, response=response, _pool=self)\n  File ""/usr/local/lib/python3.10/dist-packages/urllib3/util/retry.py"", line 515, in increment\n    raise MaxRetryError(_pool, url, reason) from reason  # type: ignore[arg-type]\nurllib3.exceptions.MaxRetryError: HTTPSConnectionPool(host=\'mlflow.sia-service.kr\', port=443): Max retries exceeded with url: /api/2.0/mlflow/runs/get?run_uuid=62afe72246594231b621a83bc1074810&run_id=62afe72246594231b621a83bc1074810 (Caused by ResponseError(\'too many 502 error responses\'))\n\nDuring handling of the above exception, another exception occurred:\n\nTraceback (most recent call last):\n  File ""/usr/local/lib/python3.10/dist-packages/mlflow/utils/rest_utils.py"", line 230, in http_request\n    return _get_http_response_with_retries(\n  File ""/usr/local/lib/python3.10/dist-packages/mlflow/utils/request_utils.py"", line 237, in _get_http_response_with_retries\n    return session.request(method, url, allow_redirects=allow_redirects, **kwargs)\n  File ""/usr/local/lib/python3.10/dist-packages/requests/sessions.py"", line 589, in request\n    resp = self.send(prep, **send_kwargs)\n  File ""/usr/local/lib/python3.10/dist-packages/requests/sessions.py"", line 703, in send\n    r = adapter.send(request, **kwargs)\n  File ""/usr/local/lib/python3.10/dist-packages/requests/adapters.py"", line 510, in send\n    raise RetryError(e, request=request)\nrequests.exceptions.RetryError: HTTPSConnectionPool(host=\'mlflow.sia-service.kr\', port=443): Max retries exceeded with url: /api/2.0/mlflow/runs/get?run_uuid=62afe72246594231b621a83bc1074810&run_id=62afe72246594231b621a83bc1074810 (Caused by ResponseError(\'too many 502 error responses\'))\n\nDuring handling of the above exception, another exception occurred:\n\nTraceback (most recent call last):\n  File ""/SIAseg/siaseg/apis/seg_runner.py"", line 378, in inference\n    self.model = self.init_model(self.run_id, self.artifact_path)\n  File ""/SIAseg/siaseg/apis/seg_runner.py"", line 264, in init_model\n    artifact_path = mlflow.artifacts.download_artifacts(\n  File ""/usr/local/lib/python3.10/dist-packages/mlflow/artifacts/__init__.py"", line 97, in download_artifacts\n    artifact_uri = store.get_run(run_id).info.artifact_uri\n  File ""/usr/local/lib/python3.10/dist-packages/mlflow/store/tracking/rest_store.py"", line 294, in get_run\n    response_proto = self._call_endpoint(GetRun, req_body)\n  File ""/usr/local/lib/python3.10/dist-packages/mlflow/store/tracking/rest_store.py"", line 200, in _call_endpoint\n    return call_endpoint(\n  File ""/usr/local/lib/python3.10/dist-packages/mlflow/utils/rest_utils.py"", line 549, in call_endpoint\n    response = http_request(**call_kwargs)\n  File ""/usr/local/lib/python3.10/dist-packages/mlflow/utils/rest_utils.py"", line 253, in http_request\n    raise MlflowException(f""API request to {url} failed with exception {e}"")\nmlflow.exceptions.MlflowException: API request to https://mlflow.sia-service.kr/api/2.0/mlflow/runs/get failed with exception HTTPSConnectionPool(host=\'mlflow.sia-service.kr\', port=443): Max retries exceeded with url: /api/2.0/mlflow/runs/get?run_uuid=62afe72246594231b621a83bc1074810&run_id=62afe72246594231b621a83bc1074810 (Caused by ResponseError(\'too many 502 error responses\'))\n', 'retriable': False}"
2025-10-31 07:49:53.365583+00:00,40,8606d516-8e77-42ef-944c-87d89e9da29e,019a3939-fc7c-70e0-b498-8f34cb04a3fb,Inference was failed. See the logs for detail.
2025-10-31 07:49:53.367607+00:00,40,8606d516-8e77-42ef-944c-87d89e9da29e,019a3939-fc7c-70e0-b498-8f34cb04a3fb,"Task run failed with exception: InferenceFailError() - No retries configured for this task.
Traceback (most recent call last):
  File ""/usr/local/lib/python3.10/site-packages/prefect/task_engine.py"", line 857, in run_context
    yield self
  File ""/usr/local/lib/python3.10/site-packages/prefect/task_engine.py"", line 1487, in run_task_sync
    engine.call_task_fn(txn)
  File ""/usr/local/lib/python3.10/site-packages/prefect/task_engine.py"", line 874, in call_task_fn
    result = call_with_parameters(self.task.fn, parameters)
  File ""/usr/local/lib/python3.10/site-packages/prefect/utilities/callables.py"", line 210, in call_with_parameters
    return fn(*args, **kwargs)
  File ""/app/modint-prefect-main/modint_prefect/prefect_flow.py"", line 135, in run_check_inference_status_redis
    raise InferenceFailError
modint_prefect.configs.InferenceFailError"
2025-10-31 07:49:53.382435+00:00,40,8606d516-8e77-42ef-944c-87d89e9da29e,019a3939-fc7c-70e0-b498-8f34cb04a3fb,Finished in state Failed('Task run encountered an exception InferenceFailError: ')
2025-10-31 07:50:13.955411+00:00,20,8606d516-8e77-42ef-944c-87d89e9da29e,019a3939-fc7a-7ee2-a702-f25cf4f34590,Scheduler status succeeded!
2025-10-31 07:50:13.957632+00:00,20,8606d516-8e77-42ef-944c-87d89e9da29e,019a3939-fc7a-7ee2-a702-f25cf4f34590,"{'user': 'dlk-bot', 'status': 'Succeeded', 'reason': 'Completed', 'age': '5m', 'node': 'a6000-101', 'gpus': '', 'ports': ''}"
2025-10-31 07:50:13.959539+00:00,20,8606d516-8e77-42ef-944c-87d89e9da29e,019a3939-fc7a-7ee2-a702-f25cf4f34590,"['/usr/local/lib/python3.10/dist-packages/mmengine/optim/optimizer/zero_optimizer.py:11: DeprecationWarning: `TorchScript` support for functional optimizers is deprecated and will be removed in a future PyTorch release. Consider using the `torch.compile` optimizer instead.', '  from torch.distributed.optim import \\', '/SIAseg/siaseg/apis/orthogonalize/orthogonalize_polygon.py:22: FutureWarning: This function has no longer any effect, and will be removed in a future release. Starting with Shapely 2.0, equivalent speedups are always available', '  speedups.enable()', 'WARNING: can not import selective_scan_cuda.', ""No module named 'selective_scan_cuda'"", '2025-10-31 07:49:26.525 | ERROR    | siaseg.apis.seg_runner:inference:413 - An exception occurred:', 'urllib3.exceptions.ResponseError: too many 502 error responses', '', 'The above exception was the direct cause of the following exception:', '', 'Traceback (most recent call last):', '  File ""/usr/local/lib/python3.10/dist-packages/requests/adapters.py"", line 486, in send', '    resp = conn.urlopen(', '  File ""/usr/local/lib/python3.10/dist-packages/urllib3/connectionpool.py"", line 948, in urlopen', '    return self.urlopen(', '  File ""/usr/local/lib/python3.10/dist-packages/urllib3/connectionpool.py"", line 948, in urlopen', '    return self.urlopen(', '  File ""/usr/local/lib/python3.10/dist-packages/urllib3/connectionpool.py"", line 948, in urlopen', '    return self.urlopen(', '  [Previous line repeated 4 more times]', '  File ""/usr/local/lib/python3.10/dist-packages/urllib3/connectionpool.py"", line 938, in urlopen', '    retries = retries.increment(method, url, response=response, _pool=self)', '  File ""/usr/local/lib/python3.10/dist-packages/urllib3/util/retry.py"", line 515, in increment', '    raise MaxRetryError(_pool, url, reason) from reason  # type: ignore[arg-type]', ""urllib3.exceptions.MaxRetryError: HTTPSConnectionPool(host='mlflow.sia-service.kr', port=443): Max retries exceeded with url: /api/2.0/mlflow/runs/get?run_uuid=62afe72246594231b621a83bc1074810&run_id=62afe72246594231b621a83bc1074810 (Caused by ResponseError('too many 502 error responses'))"", '', 'During handling of the above exception, another exception occurred:', '', 'Traceback (most recent call last):', '  File ""/usr/local/lib/python3.10/dist-packages/mlflow/utils/rest_utils.py"", line 230, in http_request', '    return _get_http_response_with_retries(', '  File ""/usr/local/lib/python3.10/dist-packages/mlflow/utils/request_utils.py"", line 237, in _get_http_response_with_retries', '    return session.request(method, url, allow_redirects=allow_redirects, **kwargs)', '  File ""/usr/local/lib/python3.10/dist-packages/requests/sessions.py"", line 589, in request', '    resp = self.send(prep, **send_kwargs)', '  File ""/usr/local/lib/python3.10/dist-packages/requests/sessions.py"", line 703, in send', '    r = adapter.send(request, **kwargs)', '  File ""/usr/local/lib/python3.10/dist-packages/requests/adapters.py"", line 510, in send', '    raise RetryError(e, request=request)', ""requests.exceptions.RetryError: HTTPSConnectionPool(host='mlflow.sia-service.kr', port=443): Max retries exceeded with url: /api/2.0/mlflow/runs/get?run_uuid=62afe72246594231b621a83bc1074810&run_id=62afe72246594231b621a83bc1074810 (Caused by ResponseError('too many 502 error responses'))"", '', 'During handling of the above exception, another exception occurred:', '', 'Traceback (most recent call last):', '  File ""/SIAseg/siaseg/apis/seg_runner.py"", line 378, in inference', '    self.model = self.init_model(self.run_id, self.artifact_path)', '  File ""/SIAseg/siaseg/apis/seg_runner.py"", line 264, in init_model', '    artifact_path = mlflow.artifacts.download_artifacts(', '  File ""/usr/local/lib/python3.10/dist-packages/mlflow/artifacts/__init__.py"", line 97, in download_artifacts', '    artifact_uri = store.get_run(run_id).info.artifact_uri', '  File ""/usr/local/lib/python3.10/dist-packages/mlflow/store/tracking/rest_store.py"", line 294, in get_run', '    response_proto = self._call_endpoint(GetRun, req_body)', '  File ""/usr/local/lib/python3.10/dist-packages/mlflow/store/tracking/rest_store.py"", line 200, in _call_endpoint', '    return call_endpoint(', '  File ""/usr/local/lib/python3.10/dist-packages/mlflow/utils/rest_utils.py"", line 549, in call_endpoint', '    response = http_request(**call_kwargs)', '  File ""/usr/local/lib/python3.10/dist-packages/mlflow/utils/rest_utils.py"", line 253, in http_request', '    raise MlflowException(f""API request to {url} failed with exception {e}"")', ""mlflow.exceptions.MlflowException: API request to https://mlflow.sia-service.kr/api/2.0/mlflow/runs/get failed with exception HTTPSConnectionPool(host='mlflow.sia-service.kr', port=443): Max retries exceeded with url: /api/2.0/mlflow/runs/get?run_uuid=62afe72246594231b621a83bc1074810&run_id=62afe72246594231b621a83bc1074810 (Caused by ResponseError('too many 502 error responses'))"", '', '\x1b[32m2025-10-31T07:49:26.525211+0000\x1b[0m \x1b[31m\x1b[1mAn exception occurred:', 'urllib3.exceptions.ResponseError: too many 502 error responses', '', 'The above exception was the direct cause of the following exception:', '', 'Traceback (most recent call last):', '  File ""/usr/local/lib/python3.10/dist-packages/requests/adapters.py"", line 486, in send', '    resp = conn.urlopen(', '  File ""/usr/local/lib/python3.10/dist-packages/urllib3/connectionpool.py"", line 948, in urlopen', '    return self.urlopen(', '  File ""/usr/local/lib/python3.10/dist-packages/urllib3/connectionpool.py"", line 948, in urlopen', '    return self.urlopen(', '  File ""/usr/local/lib/python3.10/dist-packages/urllib3/connectionpool.py"", line 948, in urlopen', '    return self.urlopen(', '  [Previous line repeated 4 more times]', '  File ""/usr/local/lib/python3.10/dist-packages/urllib3/connectionpool.py"", line 938, in urlopen', '    retries = retries.increment(method, url, response=response, _pool=self)', '  File ""/usr/local/lib/python3.10/dist-packages/urllib3/util/retry.py"", line 515, in increment', '    raise MaxRetryError(_pool, url, reason) from reason  # type: ignore[arg-type]', ""urllib3.exceptions.MaxRetryError: HTTPSConnectionPool(host='mlflow.sia-service.kr', port=443): Max retries exceeded with url: /api/2.0/mlflow/runs/get?run_uuid=62afe72246594231b621a83bc1074810&run_id=62afe72246594231b621a83bc1074810 (Caused by ResponseError('too many 502 error responses'))"", '', 'During handling of the above exception, another exception occurred:', '', 'Traceback (most recent call last):', '  File ""/usr/local/lib/python3.10/dist-packages/mlflow/utils/rest_utils.py"", line 230, in http_request', '    return _get_http_response_with_retries(', '  File ""/usr/local/lib/python3.10/dist-packages/mlflow/utils/request_utils.py"", line 237, in _get_http_response_with_retries', '    return session.request(method, url, allow_redirects=allow_redirects, **kwargs)', '  File ""/usr/local/lib/python3.10/dist-packages/requests/sessions.py"", line 589, in request', '    resp = self.send(prep, **send_kwargs)', '  File ""/usr/local/lib/python3.10/dist-packages/requests/sessions.py"", line 703, in send', '    r = adapter.send(request, **kwargs)', '  File ""/usr/local/lib/python3.10/dist-packages/requests/adapters.py"", line 510, in send', '    raise RetryError(e, request=request)', ""requests.exceptions.RetryError: HTTPSConnectionPool(host='mlflow.sia-service.kr', port=443): Max retries exceeded with url: /api/2.0/mlflow/runs/get?run_uuid=62afe72246594231b621a83bc1074810&run_id=62afe72246594231b621a83bc1074810 (Caused by ResponseError('too many 502 error responses'))"", '', 'During handling of the above exception, another exception occurred:', '', 'Traceback (most recent call last):', '  File ""/SIAseg/siaseg/apis/seg_runner.py"", line 378, in inference', '    self.model = self.init_model(self.run_id, self.artifact_path)', '  File ""/SIAseg/siaseg/apis/seg_runner.py"", line 264, in init_model', '    artifact_path = mlflow.artifacts.download_artifacts(', '  File ""/usr/local/lib/python3.10/dist-packages/mlflow/artifacts/__init__.py"", line 97, in download_artifacts', '    artifact_uri = store.get_run(run_id).info.artifact_uri', '  File ""/usr/local/lib/python3.10/dist-packages/mlflow/store/tracking/rest_store.py"", line 294, in get_run', '    response_proto = self._call_endpoint(GetRun, req_body)', '  File ""/usr/local/lib/python3.10/dist-packages/mlflow/store/tracking/rest_store.py"", line 200, in _call_endpoint', '    return call_endpoint(', '  File ""/usr/local/lib/python3.10/dist-packages/mlflow/utils/rest_utils.py"", line 549, in call_endpoint', '    response = http_request(**call_kwargs)', '  File ""/usr/local/lib/python3.10/dist-packages/mlflow/utils/rest_utils.py"", line 253, in http_request', '    raise MlflowException(f""API request to {url} failed with exception {e}"")', ""mlflow.exceptions.MlflowException: API request to https://mlflow.sia-service.kr/api/2.0/mlflow/runs/get failed with exception HTTPSConnectionPool(host='mlflow.sia-service.kr', port=443): Max retries exceeded with url: /api/2.0/mlflow/runs/get?run_uuid=62afe72246594231b621a83bc1074810&run_id=62afe72246594231b621a83bc1074810 (Caused by ResponseError('too many 502 error responses'))"", '\x1b[0m', '']"
2025-10-31 07:50:13.972673+00:00,20,8606d516-8e77-42ef-944c-87d89e9da29e,019a3939-fc7a-7ee2-a702-f25cf4f34590,Finished in state Completed()
2025-10-31 07:50:13.981953+00:00,40,8606d516-8e77-42ef-944c-87d89e9da29e,,"Encountered exception during execution: InferenceFailError()
Traceback (most recent call last):
  File ""/usr/local/lib/python3.10/site-packages/prefect/flow_engine.py"", line 782, in run_context
    yield self
  File ""/usr/local/lib/python3.10/site-packages/prefect/flow_engine.py"", line 1397, in run_flow_sync
    engine.call_flow_fn()
  File ""/usr/local/lib/python3.10/site-packages/prefect/flow_engine.py"", line 802, in call_flow_fn
    result = call_with_parameters(self.flow.fn, self.parameters)
  File ""/usr/local/lib/python3.10/site-packages/prefect/utilities/callables.py"", line 210, in call_with_parameters
    return fn(*args, **kwargs)
  File ""/app/modint-prefect-main/modint_prefect/prefect_flow.py"", line 528, in run_modint_flow
    inference_result = check_inference_status_future.result()
  File ""/usr/local/lib/python3.10/site-packages/prefect/futures.py"", line 222, in result
    _result = self._final_state.result(
  File ""/usr/local/lib/python3.10/site-packages/prefect/_internal/compatibility/async_dispatch.py"", line 94, in wrapper
    return fn(*args, **kwargs)
  File ""/usr/local/lib/python3.10/site-packages/prefect/client/schemas/objects.py"", line 366, in result
    return run_coro_as_sync(
  File ""/usr/local/lib/python3.10/site-packages/prefect/utilities/asyncutils.py"", line 207, in run_coro_as_sync
    return call.result()
  File ""/usr/local/lib/python3.10/site-packages/prefect/_internal/concurrency/calls.py"", line 365, in result
    return self.future.result(timeout=timeout)
  File ""/usr/local/lib/python3.10/site-packages/prefect/_internal/concurrency/calls.py"", line 192, in result
    return self.__get_result()
  File ""/usr/local/lib/python3.10/concurrent/futures/_base.py"", line 403, in __get_result
    raise self._exception
  File ""/usr/local/lib/python3.10/site-packages/prefect/_internal/concurrency/calls.py"", line 441, in _run_async
    result = await coro
  File ""/usr/local/lib/python3.10/site-packages/prefect/utilities/asyncutils.py"", line 188, in coroutine_wrapper
    return await task
  File ""/usr/local/lib/python3.10/site-packages/prefect/states.py"", line 85, in get_state_result
    return await _get_state_result(
  File ""/usr/local/lib/python3.10/site-packages/prefect/states.py"", line 157, in _get_state_result
    raise await get_state_exception(state)
  File ""/usr/local/lib/python3.10/site-packages/prefect/task_engine.py"", line 857, in run_context
    yield self
  File ""/usr/local/lib/python3.10/site-packages/prefect/task_engine.py"", line 1487, in run_task_sync
    engine.call_task_fn(txn)
  File ""/usr/local/lib/python3.10/site-packages/prefect/task_engine.py"", line 874, in call_task_fn
    result = call_with_parameters(self.task.fn, parameters)
  File ""/usr/local/lib/python3.10/site-packages/prefect/utilities/callables.py"", line 210, in call_with_parameters
    return fn(*args, **kwargs)
  File ""/app/modint-prefect-main/modint_prefect/prefect_flow.py"", line 135, in run_check_inference_status_redis
    raise InferenceFailError
modint_prefect.configs.InferenceFailError"
2025-10-31 07:50:14.051441+00:00,20,8606d516-8e77-42ef-944c-87d89e9da29e,,Finished in state Failed('Flow run encountered an exception: InferenceFailError: ')
