timestamp,level,flow_run_id,task_run_id,message
2025-08-25 04:35:08.789236+00:00,20,8c932a69-3806-4b81-a059-5aeab6f78e4d,,Worker 'KubernetesWorker 6c1a7ef3-6580-4f6c-9303-f2c1895094ef' submitting flow run '8c932a69-3806-4b81-a059-5aeab6f78e4d'
2025-08-25 04:35:12.603482+00:00,20,8c932a69-3806-4b81-a059-5aeab6f78e4d,,Creating Kubernetes job...
2025-08-25 04:35:14.948505+00:00,20,8c932a69-3806-4b81-a059-5aeab6f78e4d,,Completed submission of flow run '8c932a69-3806-4b81-a059-5aeab6f78e4d'
2025-08-25 04:35:28.483989+00:00,20,8c932a69-3806-4b81-a059-5aeab6f78e4d,,Opening process...
2025-08-25 04:35:31.369153+00:00,20,8c932a69-3806-4b81-a059-5aeab6f78e4d,, > Running git_clone step...
2025-08-25 04:35:35.729369+00:00,20,8c932a69-3806-4b81-a059-5aeab6f78e4d,,Beginning flow run 'utopian-panther' for flow 'run-bhc-segmentation-flow'
2025-08-25 04:35:35.740192+00:00,20,8c932a69-3806-4b81-a059-5aeab6f78e4d,,Using quad ID: L15-1754E-1274N
2025-08-25 04:35:43.143079+00:00,40,8c932a69-3806-4b81-a059-5aeab6f78e4d,0198df82-9d4e-7e2c-8e29-20783e81e28b,"Task run failed with exception: CalledProcessError(1, ['gdalwarp', '-of', 'VRT', '-overwrite', '-te', '128.32031248223396', '40.17887330972661', '128.3203125', '40.3130432', '-te_srs', 'EPSG:4326', '/nas/COG/basemap_planet/Y2024/M10/D01/basemap_planet_global_monthly_2024_10_mosaic/40000_global_monthly_2024_10_mosaic_cog.tif', '/ext/modint-prefect-workspace/temp/vrt/40000_global_monthly_2024_10_mosaic_cog_L15-1754E-1274N.vrt']) - No retries configured for this task.
Traceback (most recent call last):
  File ""/usr/local/lib/python3.10/site-packages/prefect/task_engine.py"", line 857, in run_context
    yield self
  File ""/usr/local/lib/python3.10/site-packages/prefect/task_engine.py"", line 1487, in run_task_sync
    engine.call_task_fn(txn)
  File ""/usr/local/lib/python3.10/site-packages/prefect/task_engine.py"", line 874, in call_task_fn
    result = call_with_parameters(self.task.fn, parameters)
  File ""/usr/local/lib/python3.10/site-packages/prefect/utilities/callables.py"", line 210, in call_with_parameters
    return fn(*args, **kwargs)
  File ""/app/modint-prefect-main/modint_prefect/prefect_flow.py"", line 425, in create_vrt_from_quad
    subprocess.run(cmd, check=True)
  File ""/usr/local/lib/python3.10/subprocess.py"", line 526, in run
    raise CalledProcessError(retcode, process.args,
subprocess.CalledProcessError: Command '['gdalwarp', '-of', 'VRT', '-overwrite', '-te', '128.32031248223396', '40.17887330972661', '128.3203125', '40.3130432', '-te_srs', 'EPSG:4326', '/nas/COG/basemap_planet/Y2024/M10/D01/basemap_planet_global_monthly_2024_10_mosaic/40000_global_monthly_2024_10_mosaic_cog.tif', '/ext/modint-prefect-workspace/temp/vrt/40000_global_monthly_2024_10_mosaic_cog_L15-1754E-1274N.vrt']' returned non-zero exit status 1."
2025-08-25 04:35:43.168515+00:00,40,8c932a69-3806-4b81-a059-5aeab6f78e4d,0198df82-9d4e-7e2c-8e29-20783e81e28b,"Finished in state Failed(""Task run encountered an exception CalledProcessError: Command '['gdalwarp', '-of', 'VRT', '-overwrite', '-te', '128.32031248223396', '40.17887330972661', '128.3203125', '40.3130432', '-te_srs', 'EPSG:4326', '/nas/COG/basemap_planet/Y2024/M10/D01/basemap_planet_global_monthly_2024_10_mosaic/40000_global_monthly_2024_10_mosaic_cog.tif', '/ext/modint-prefect-workspace/temp/vrt/40000_global_monthly_2024_10_mosaic_cog_L15-1754E-1274N.vrt']' returned non-zero exit status 1."")"
2025-08-25 04:35:43.170917+00:00,40,8c932a69-3806-4b81-a059-5aeab6f78e4d,,"Encountered exception during execution: CalledProcessError(1, ['gdalwarp', '-of', 'VRT', '-overwrite', '-te', '128.32031248223396', '40.17887330972661', '128.3203125', '40.3130432', '-te_srs', 'EPSG:4326', '/nas/COG/basemap_planet/Y2024/M10/D01/basemap_planet_global_monthly_2024_10_mosaic/40000_global_monthly_2024_10_mosaic_cog.tif', '/ext/modint-prefect-workspace/temp/vrt/40000_global_monthly_2024_10_mosaic_cog_L15-1754E-1274N.vrt'])
Traceback (most recent call last):
  File ""/usr/local/lib/python3.10/site-packages/prefect/flow_engine.py"", line 782, in run_context
    yield self
  File ""/usr/local/lib/python3.10/site-packages/prefect/flow_engine.py"", line 1397, in run_flow_sync
    engine.call_flow_fn()
  File ""/usr/local/lib/python3.10/site-packages/prefect/flow_engine.py"", line 802, in call_flow_fn
    result = call_with_parameters(self.flow.fn, self.parameters)
  File ""/usr/local/lib/python3.10/site-packages/prefect/utilities/callables.py"", line 210, in call_with_parameters
    return fn(*args, **kwargs)
  File ""/app/modint-prefect-main/modint_prefect/prefect_flow.py"", line 638, in run_bhc_segmentation_flow
    input_path = create_vrt_from_quad(input_path, quad_id)
  File ""/usr/local/lib/python3.10/site-packages/prefect/tasks.py"", line 1139, in __call__
    return run_task(
  File ""/usr/local/lib/python3.10/site-packages/prefect/task_engine.py"", line 1714, in run_task
    return run_task_sync(**kwargs)
  File ""/usr/local/lib/python3.10/site-packages/prefect/task_engine.py"", line 1489, in run_task_sync
    return engine.state if return_type == ""state"" else engine.result()
  File ""/usr/local/lib/python3.10/site-packages/prefect/task_engine.py"", line 478, in result
    raise self._raised
  File ""/usr/local/lib/python3.10/site-packages/prefect/task_engine.py"", line 857, in run_context
    yield self
  File ""/usr/local/lib/python3.10/site-packages/prefect/task_engine.py"", line 1487, in run_task_sync
    engine.call_task_fn(txn)
  File ""/usr/local/lib/python3.10/site-packages/prefect/task_engine.py"", line 874, in call_task_fn
    result = call_with_parameters(self.task.fn, parameters)
  File ""/usr/local/lib/python3.10/site-packages/prefect/utilities/callables.py"", line 210, in call_with_parameters
    return fn(*args, **kwargs)
  File ""/app/modint-prefect-main/modint_prefect/prefect_flow.py"", line 425, in create_vrt_from_quad
    subprocess.run(cmd, check=True)
  File ""/usr/local/lib/python3.10/subprocess.py"", line 526, in run
    raise CalledProcessError(retcode, process.args,
subprocess.CalledProcessError: Command '['gdalwarp', '-of', 'VRT', '-overwrite', '-te', '128.32031248223396', '40.17887330972661', '128.3203125', '40.3130432', '-te_srs', 'EPSG:4326', '/nas/COG/basemap_planet/Y2024/M10/D01/basemap_planet_global_monthly_2024_10_mosaic/40000_global_monthly_2024_10_mosaic_cog.tif', '/ext/modint-prefect-workspace/temp/vrt/40000_global_monthly_2024_10_mosaic_cog_L15-1754E-1274N.vrt']' returned non-zero exit status 1."
2025-08-25 04:35:43.231500+00:00,20,8c932a69-3806-4b81-a059-5aeab6f78e4d,,"Finished in state Failed(""Flow run encountered an exception: CalledProcessError: Command '['gdalwarp', '-of', 'VRT', '-overwrite', '-te', '128.32031248223396', '40.17887330972661', '128.3203125', '40.3130432', '-te_srs', 'EPSG:4326', '/nas/COG/basemap_planet/Y2024/M10/D01/basemap_planet_global_monthly_2024_10_mosaic/40000_global_monthly_2024_10_mosaic_cog.tif', '/ext/modint-prefect-workspace/temp/vrt/40000_global_monthly_2024_10_mosaic_cog_L15-1754E-1274N.vrt']' returned non-zero exit status 1."")"
2025-08-25 04:35:43.234307+00:00,40,8c932a69-3806-4b81-a059-5aeab6f78e4d,,"Engine execution exited with unexpected exception
Traceback (most recent call last):
  File ""/usr/local/lib/python3.10/site-packages/prefect/flow_engine.py"", line 1554, in run_flow
    ret_val = run_flow_sync(**kwargs)
  File ""/usr/local/lib/python3.10/site-packages/prefect/flow_engine.py"", line 1399, in run_flow_sync
    return engine.state if return_type == ""state"" else engine.result()
  File ""/usr/local/lib/python3.10/site-packages/prefect/flow_engine.py"", line 361, in result
    raise self._raised
  File ""/usr/local/lib/python3.10/site-packages/prefect/flow_engine.py"", line 782, in run_context
    yield self
  File ""/usr/local/lib/python3.10/site-packages/prefect/flow_engine.py"", line 1397, in run_flow_sync
    engine.call_flow_fn()
  File ""/usr/local/lib/python3.10/site-packages/prefect/flow_engine.py"", line 802, in call_flow_fn
    result = call_with_parameters(self.flow.fn, self.parameters)
  File ""/usr/local/lib/python3.10/site-packages/prefect/utilities/callables.py"", line 210, in call_with_parameters
    return fn(*args, **kwargs)
  File ""/app/modint-prefect-main/modint_prefect/prefect_flow.py"", line 638, in run_bhc_segmentation_flow
    input_path = create_vrt_from_quad(input_path, quad_id)
  File ""/usr/local/lib/python3.10/site-packages/prefect/tasks.py"", line 1139, in __call__
    return run_task(
  File ""/usr/local/lib/python3.10/site-packages/prefect/task_engine.py"", line 1714, in run_task
    return run_task_sync(**kwargs)
  File ""/usr/local/lib/python3.10/site-packages/prefect/task_engine.py"", line 1489, in run_task_sync
    return engine.state if return_type == ""state"" else engine.result()
  File ""/usr/local/lib/python3.10/site-packages/prefect/task_engine.py"", line 478, in result
    raise self._raised
  File ""/usr/local/lib/python3.10/site-packages/prefect/task_engine.py"", line 857, in run_context
    yield self
  File ""/usr/local/lib/python3.10/site-packages/prefect/task_engine.py"", line 1487, in run_task_sync
    engine.call_task_fn(txn)
  File ""/usr/local/lib/python3.10/site-packages/prefect/task_engine.py"", line 874, in call_task_fn
    result = call_with_parameters(self.task.fn, parameters)
  File ""/usr/local/lib/python3.10/site-packages/prefect/utilities/callables.py"", line 210, in call_with_parameters
    return fn(*args, **kwargs)
  File ""/app/modint-prefect-main/modint_prefect/prefect_flow.py"", line 425, in create_vrt_from_quad
    subprocess.run(cmd, check=True)
  File ""/usr/local/lib/python3.10/subprocess.py"", line 526, in run
    raise CalledProcessError(retcode, process.args,
subprocess.CalledProcessError: Command '['gdalwarp', '-of', 'VRT', '-overwrite', '-te', '128.32031248223396', '40.17887330972661', '128.3203125', '40.3130432', '-te_srs', 'EPSG:4326', '/nas/COG/basemap_planet/Y2024/M10/D01/basemap_planet_global_monthly_2024_10_mosaic/40000_global_monthly_2024_10_mosaic_cog.tif', '/ext/modint-prefect-workspace/temp/vrt/40000_global_monthly_2024_10_mosaic_cog_L15-1754E-1274N.vrt']' returned non-zero exit status 1."
2025-08-25 04:35:44.012949+00:00,40,8c932a69-3806-4b81-a059-5aeab6f78e4d,,Process for flow run 'utopian-panther' exited with status code: 1
