timestamp,level,flow_run_id,task_run_id,message
2025-09-02 04:47:37.754391+00:00,20,9df3b8fb-1219-4a0e-9e44-f4af183bcdd5,,Worker 'KubernetesWorker 6c1a7ef3-6580-4f6c-9303-f2c1895094ef' submitting flow run '9df3b8fb-1219-4a0e-9e44-f4af183bcdd5'
2025-09-02 04:47:37.932953+00:00,20,9df3b8fb-1219-4a0e-9e44-f4af183bcdd5,,Creating Kubernetes job...
2025-09-02 04:47:38.485881+00:00,20,9df3b8fb-1219-4a0e-9e44-f4af183bcdd5,,Completed submission of flow run '9df3b8fb-1219-4a0e-9e44-f4af183bcdd5'
2025-09-02 04:47:46.187613+00:00,20,9df3b8fb-1219-4a0e-9e44-f4af183bcdd5,,Opening process...
2025-09-02 04:47:49.332609+00:00,20,9df3b8fb-1219-4a0e-9e44-f4af183bcdd5,, > Running git_clone step...
2025-09-02 04:47:54.903670+00:00,20,9df3b8fb-1219-4a0e-9e44-f4af183bcdd5,,Beginning flow run 'rigorous-falcon' for flow 'run-bhc-change-detection-flow'
2025-09-02 04:47:54.923937+00:00,20,9df3b8fb-1219-4a0e-9e44-f4af183bcdd5,,Using quad ID: L15-1740E-1274N
2025-09-02 04:47:54.925508+00:00,20,9df3b8fb-1219-4a0e-9e44-f4af183bcdd5,,Input path: /nas/COG/basemap_planet/Y2024/M11/D01/basemap_planet_global_monthly_2024_11_mosaic/40000_global_monthly_2024_11_mosaic_cog.tif
2025-09-02 04:47:54.927549+00:00,20,9df3b8fb-1219-4a0e-9e44-f4af183bcdd5,,Output directory: /nas/Projects/N-BHC24A/change_detection
2025-09-02 04:47:55.083580+00:00,20,9df3b8fb-1219-4a0e-9e44-f4af183bcdd5,019908c0-c44b-794b-8211-1f5fd9a73e57,This job ID will be used - prefect-rigorous-falcon-1
2025-09-02 04:47:55.088328+00:00,20,9df3b8fb-1219-4a0e-9e44-f4af183bcdd5,019908c0-c44b-794b-8211-1f5fd9a73e57,Finished in state Completed()
2025-09-02 04:47:55.346561+00:00,20,9df3b8fb-1219-4a0e-9e44-f4af183bcdd5,019908c0-c4d3-79bc-ab03-9e7ac7f100e7,No completed run found for quad_id 'L15-1740E-1274N' in 2024-10.
2025-09-02 04:47:55.352140+00:00,20,9df3b8fb-1219-4a0e-9e44-f4af183bcdd5,019908c0-c4d3-79bc-ab03-9e7ac7f100e7,Finished in state Completed()
2025-09-02 04:47:55.358381+00:00,40,9df3b8fb-1219-4a0e-9e44-f4af183bcdd5,,"Encountered exception during execution: FileNotFoundError('Previous month segmentation data not found for 40000_global_monthly_2024_11_mosaic_cog--L15-1740E-1274N--road.gpkg')
Traceback (most recent call last):
  File ""/usr/local/lib/python3.10/site-packages/prefect/flow_engine.py"", line 782, in run_context
    yield self
  File ""/usr/local/lib/python3.10/site-packages/prefect/flow_engine.py"", line 1397, in run_flow_sync
    engine.call_flow_fn()
  File ""/usr/local/lib/python3.10/site-packages/prefect/flow_engine.py"", line 802, in call_flow_fn
    result = call_with_parameters(self.flow.fn, self.parameters)
  File ""/usr/local/lib/python3.10/site-packages/prefect/utilities/callables.py"", line 210, in call_with_parameters
    return fn(*args, **kwargs)
  File ""/app/modint-prefect-main/modint_prefect/prefect_flow.py"", line 756, in run_bhc_change_detection_flow
    raise FileNotFoundError(f""Previous month segmentation data not found for {current_month_filename}"")
FileNotFoundError: Previous month segmentation data not found for 40000_global_monthly_2024_11_mosaic_cog--L15-1740E-1274N--road.gpkg"
2025-09-02 04:47:55.462520+00:00,20,9df3b8fb-1219-4a0e-9e44-f4af183bcdd5,,Finished in state Failed('Flow run encountered an exception: FileNotFoundError: Previous month segmentation data not found for 40000_global_monthly_2024_11_mosaic_cog--L15-1740E-1274N--road.gpkg')
2025-09-02 04:47:55.469731+00:00,40,9df3b8fb-1219-4a0e-9e44-f4af183bcdd5,,"Engine execution exited with unexpected exception
Traceback (most recent call last):
  File ""/usr/local/lib/python3.10/site-packages/prefect/flow_engine.py"", line 1554, in run_flow
    ret_val = run_flow_sync(**kwargs)
  File ""/usr/local/lib/python3.10/site-packages/prefect/flow_engine.py"", line 1399, in run_flow_sync
    return engine.state if return_type == ""state"" else engine.result()
  File ""/usr/local/lib/python3.10/site-packages/prefect/flow_engine.py"", line 361, in result
    raise self._raised
  File ""/usr/local/lib/python3.10/site-packages/prefect/flow_engine.py"", line 782, in run_context
    yield self
  File ""/usr/local/lib/python3.10/site-packages/prefect/flow_engine.py"", line 1397, in run_flow_sync
    engine.call_flow_fn()
  File ""/usr/local/lib/python3.10/site-packages/prefect/flow_engine.py"", line 802, in call_flow_fn
    result = call_with_parameters(self.flow.fn, self.parameters)
  File ""/usr/local/lib/python3.10/site-packages/prefect/utilities/callables.py"", line 210, in call_with_parameters
    return fn(*args, **kwargs)
  File ""/app/modint-prefect-main/modint_prefect/prefect_flow.py"", line 756, in run_bhc_change_detection_flow
    raise FileNotFoundError(f""Previous month segmentation data not found for {current_month_filename}"")
FileNotFoundError: Previous month segmentation data not found for 40000_global_monthly_2024_11_mosaic_cog--L15-1740E-1274N--road.gpkg"
2025-09-02 04:47:56.366123+00:00,40,9df3b8fb-1219-4a0e-9e44-f4af183bcdd5,,Process for flow run 'rigorous-falcon' exited with status code: 1
