timestamp,level,flow_run_id,task_run_id,message
2025-11-11 01:14:55.618839+00:00,20,b0e7e967-4afc-4c5f-a5c8-53e7e4c5d032,,Worker 'KubernetesWorker b5700100-6765-494e-b637-58b56901dc89' submitting flow run 'b0e7e967-4afc-4c5f-a5c8-53e7e4c5d032'
2025-11-11 01:14:56.473486+00:00,20,b0e7e967-4afc-4c5f-a5c8-53e7e4c5d032,,Creating Kubernetes job...
2025-11-11 01:14:56.967453+00:00,20,b0e7e967-4afc-4c5f-a5c8-53e7e4c5d032,,Completed submission of flow run 'b0e7e967-4afc-4c5f-a5c8-53e7e4c5d032'
2025-11-11 01:15:05.831205+00:00,20,b0e7e967-4afc-4c5f-a5c8-53e7e4c5d032,,Opening process...
2025-11-11 01:15:08.620735+00:00,20,b0e7e967-4afc-4c5f-a5c8-53e7e4c5d032,, > Running git_clone step...
2025-11-11 01:15:14.683414+00:00,20,b0e7e967-4afc-4c5f-a5c8-53e7e4c5d032,,Beginning flow run 'active-hippo' for flow 'run-modint-flow'
2025-11-11 01:15:14.848794+00:00,20,b0e7e967-4afc-4c5f-a5c8-53e7e4c5d032,019a707b-379e-7c9a-a09c-8e850a3cb0d2,This job ID will be used - modint-prefect-active-hippo-1
2025-11-11 01:15:14.854352+00:00,20,b0e7e967-4afc-4c5f-a5c8-53e7e4c5d032,019a707b-379e-7c9a-a09c-8e850a3cb0d2,Finished in state Completed()
2025-11-11 01:15:15.357413+00:00,20,b0e7e967-4afc-4c5f-a5c8-53e7e4c5d032,019a707b-3829-7583-aaaf-f1aca3117460,Finished in state Completed()
2025-11-11 01:15:15.394853+00:00,20,b0e7e967-4afc-4c5f-a5c8-53e7e4c5d032,019a707b-382b-716c-8326-8869eba04f4e,{'scene_path': '/nas/COG/planet/Y2025/M09/D13/planet_20250913_063745_ssc6d3_0016/20250913_063745_ssc6d3_0016_pansharpened_clip_cog.tif'}
2025-11-11 01:15:15.497957+00:00,20,b0e7e967-4afc-4c5f-a5c8-53e7e4c5d032,019a707b-3a88-79aa-a72e-7a9ab48c790a,Finished in state Completed()
2025-11-11 01:15:16.799793+00:00,20,b0e7e967-4afc-4c5f-a5c8-53e7e4c5d032,019a707b-3829-7bd6-8cfd-51386b229763,Beginning subflow run 'pistachio-platypus' for flow 'run-namespaced-job'
2025-11-11 01:15:22.401908+00:00,20,b0e7e967-4afc-4c5f-a5c8-53e7e4c5d032,019a707b-3829-7bd6-8cfd-51386b229763,"failed to watch directory ""/var/log/pods/serving_modint-prefect-active-hippo-1-rhv95_53b2af72-9f45-4d14-af0e-acb8c25f02a9/inference"": no space left on device"
2025-11-11 01:17:15.498644+00:00,20,b0e7e967-4afc-4c5f-a5c8-53e7e4c5d032,019a707b-382b-716c-8326-8869eba04f4e,"{'msg': 'Traceback (most recent call last):\n  File ""/usr/local/lib/python3.8/site-packages/modint/runner/base_runner.py"", line 121, in inference\n    result = self.predict(data)\n  File ""/usr/local/lib/python3.8/site-packages/torch/autograd/grad_mode.py"", line 28, in decorate_context\n    return func(*args, **kwargs)\n  File ""/ardet/ardet/apis/det_runner.py"", line 99, in predict\n    return self.model.test_step(batch)\n  File ""/usr/local/lib/python3.8/site-packages/mmengine/model/base_model/base_model.py"", line 145, in test_step\n    return self._run_forward(data, mode=\'predict\')  # type: ignore\n  File ""/usr/local/lib/python3.8/site-packages/mmengine/model/base_model/base_model.py"", line 361, in _run_forward\n    results = self(**data, mode=mode)\n  File ""/usr/local/lib/python3.8/site-packages/torch/nn/modules/module.py"", line 1051, in _call_impl\n    return forward_call(*input, **kwargs)\n  File ""/usr/local/lib/python3.8/site-packages/mmdet/models/detectors/base.py"", line 94, in forward\n    return self.predict(inputs, data_samples)\n  File ""/usr/local/lib/python3.8/site-packages/mmdet/models/detectors/two_stage.py"", line 227, in predict\n    x = self.extract_feat(batch_inputs)\n  File ""/usr/local/lib/python3.8/site-packages/mmdet/models/detectors/two_stage.py"", line 110, in extract_feat\n    x = self.backbone(batch_inputs)\n  File ""/usr/local/lib/python3.8/site-packages/torch/nn/modules/module.py"", line 1051, in _call_impl\n    return forward_call(*input, **kwargs)\n  File ""/ardet/ardet/models/backbones/vitdet.py"", line 423, in forward\n    x = blk(x)\n  File ""/usr/local/lib/python3.8/site-packages/torch/nn/modules/module.py"", line 1051, in _call_impl\n    return forward_call(*input, **kwargs)\n  File ""/ardet/ardet/models/backbones/vitdet.py"", line 303, in forward\n    x = self.attn(x)\n  File ""/usr/local/lib/python3.8/site-packages/torch/nn/modules/module.py"", line 1051, in _call_impl\n    return forward_call(*input, **kwargs)\n  File ""/ardet/ardet/models/backbones/vitdet.py"", line 209, in forward\n    attn = add_decomposed_rel_pos(attn, q, self.rel_pos_h,\n  File ""/ardet/ardet/models/backbones/vitdet.py"", line 166, in add_decomposed_rel_pos\n    attn.view(B, q_h, q_w, k_h, k_w) +  # noqa: W504\nRuntimeError: CUDA out of memory. Tried to allocate 3.80 GiB (GPU 0; 10.57 GiB total capacity; 9.15 GiB already allocated; 54.06 MiB free; 9.22 GiB reserved in total by PyTorch)\n', 'retriable': False}"
2025-11-11 01:17:15.504947+00:00,40,b0e7e967-4afc-4c5f-a5c8-53e7e4c5d032,019a707b-382b-716c-8326-8869eba04f4e,Inference was failed. See the logs for detail.
2025-11-11 01:17:15.506940+00:00,40,b0e7e967-4afc-4c5f-a5c8-53e7e4c5d032,019a707b-382b-716c-8326-8869eba04f4e,"Task run failed with exception: InferenceFailError() - No retries configured for this task.
Traceback (most recent call last):
  File ""/usr/local/lib/python3.10/site-packages/prefect/task_engine.py"", line 857, in run_context
    yield self
  File ""/usr/local/lib/python3.10/site-packages/prefect/task_engine.py"", line 1487, in run_task_sync
    engine.call_task_fn(txn)
  File ""/usr/local/lib/python3.10/site-packages/prefect/task_engine.py"", line 874, in call_task_fn
    result = call_with_parameters(self.task.fn, parameters)
  File ""/usr/local/lib/python3.10/site-packages/prefect/utilities/callables.py"", line 210, in call_with_parameters
    return fn(*args, **kwargs)
  File ""/app/modint-prefect-main/modint_prefect/prefect_flow.py"", line 135, in run_check_inference_status_redis
    raise InferenceFailError
modint_prefect.configs.InferenceFailError"
2025-11-11 01:17:15.521646+00:00,40,b0e7e967-4afc-4c5f-a5c8-53e7e4c5d032,019a707b-382b-716c-8326-8869eba04f4e,Finished in state Failed('Task run encountered an exception InferenceFailError: ')
2025-11-11 01:17:19.674221+00:00,20,b0e7e967-4afc-4c5f-a5c8-53e7e4c5d032,019a707b-3829-7bd6-8cfd-51386b229763,Finished in state Completed()
2025-11-11 01:17:19.684273+00:00,40,b0e7e967-4afc-4c5f-a5c8-53e7e4c5d032,,"Encountered exception during execution: InferenceFailError()
Traceback (most recent call last):
  File ""/usr/local/lib/python3.10/site-packages/prefect/flow_engine.py"", line 782, in run_context
    yield self
  File ""/usr/local/lib/python3.10/site-packages/prefect/flow_engine.py"", line 1397, in run_flow_sync
    engine.call_flow_fn()
  File ""/usr/local/lib/python3.10/site-packages/prefect/flow_engine.py"", line 802, in call_flow_fn
    result = call_with_parameters(self.flow.fn, self.parameters)
  File ""/usr/local/lib/python3.10/site-packages/prefect/utilities/callables.py"", line 210, in call_with_parameters
    return fn(*args, **kwargs)
  File ""/app/modint-prefect-main/modint_prefect/prefect_flow.py"", line 528, in run_modint_flow
    inference_result = check_inference_status_future.result()
  File ""/usr/local/lib/python3.10/site-packages/prefect/futures.py"", line 222, in result
    _result = self._final_state.result(
  File ""/usr/local/lib/python3.10/site-packages/prefect/_internal/compatibility/async_dispatch.py"", line 94, in wrapper
    return fn(*args, **kwargs)
  File ""/usr/local/lib/python3.10/site-packages/prefect/client/schemas/objects.py"", line 366, in result
    return run_coro_as_sync(
  File ""/usr/local/lib/python3.10/site-packages/prefect/utilities/asyncutils.py"", line 207, in run_coro_as_sync
    return call.result()
  File ""/usr/local/lib/python3.10/site-packages/prefect/_internal/concurrency/calls.py"", line 365, in result
    return self.future.result(timeout=timeout)
  File ""/usr/local/lib/python3.10/site-packages/prefect/_internal/concurrency/calls.py"", line 192, in result
    return self.__get_result()
  File ""/usr/local/lib/python3.10/concurrent/futures/_base.py"", line 403, in __get_result
    raise self._exception
  File ""/usr/local/lib/python3.10/site-packages/prefect/_internal/concurrency/calls.py"", line 441, in _run_async
    result = await coro
  File ""/usr/local/lib/python3.10/site-packages/prefect/utilities/asyncutils.py"", line 188, in coroutine_wrapper
    return await task
  File ""/usr/local/lib/python3.10/site-packages/prefect/states.py"", line 85, in get_state_result
    return await _get_state_result(
  File ""/usr/local/lib/python3.10/site-packages/prefect/states.py"", line 157, in _get_state_result
    raise await get_state_exception(state)
  File ""/usr/local/lib/python3.10/site-packages/prefect/task_engine.py"", line 857, in run_context
    yield self
  File ""/usr/local/lib/python3.10/site-packages/prefect/task_engine.py"", line 1487, in run_task_sync
    engine.call_task_fn(txn)
  File ""/usr/local/lib/python3.10/site-packages/prefect/task_engine.py"", line 874, in call_task_fn
    result = call_with_parameters(self.task.fn, parameters)
  File ""/usr/local/lib/python3.10/site-packages/prefect/utilities/callables.py"", line 210, in call_with_parameters
    return fn(*args, **kwargs)
  File ""/app/modint-prefect-main/modint_prefect/prefect_flow.py"", line 135, in run_check_inference_status_redis
    raise InferenceFailError
modint_prefect.configs.InferenceFailError"
2025-11-11 01:17:19.765231+00:00,20,b0e7e967-4afc-4c5f-a5c8-53e7e4c5d032,,Finished in state Failed('Flow run encountered an exception: InferenceFailError: ')
2025-11-11 01:17:19.768560+00:00,40,b0e7e967-4afc-4c5f-a5c8-53e7e4c5d032,,"Engine execution exited with unexpected exception
Traceback (most recent call last):
  File ""/usr/local/lib/python3.10/site-packages/prefect/flow_engine.py"", line 1554, in run_flow
    ret_val = run_flow_sync(**kwargs)
  File ""/usr/local/lib/python3.10/site-packages/prefect/flow_engine.py"", line 1399, in run_flow_sync
    return engine.state if return_type == ""state"" else engine.result()
  File ""/usr/local/lib/python3.10/site-packages/prefect/flow_engine.py"", line 361, in result
    raise self._raised
  File ""/usr/local/lib/python3.10/site-packages/prefect/flow_engine.py"", line 782, in run_context
    yield self
  File ""/usr/local/lib/python3.10/site-packages/prefect/flow_engine.py"", line 1397, in run_flow_sync
    engine.call_flow_fn()
  File ""/usr/local/lib/python3.10/site-packages/prefect/flow_engine.py"", line 802, in call_flow_fn
    result = call_with_parameters(self.flow.fn, self.parameters)
  File ""/usr/local/lib/python3.10/site-packages/prefect/utilities/callables.py"", line 210, in call_with_parameters
    return fn(*args, **kwargs)
  File ""/app/modint-prefect-main/modint_prefect/prefect_flow.py"", line 528, in run_modint_flow
    inference_result = check_inference_status_future.result()
  File ""/usr/local/lib/python3.10/site-packages/prefect/futures.py"", line 222, in result
    _result = self._final_state.result(
  File ""/usr/local/lib/python3.10/site-packages/prefect/_internal/compatibility/async_dispatch.py"", line 94, in wrapper
    return fn(*args, **kwargs)
  File ""/usr/local/lib/python3.10/site-packages/prefect/client/schemas/objects.py"", line 366, in result
    return run_coro_as_sync(
  File ""/usr/local/lib/python3.10/site-packages/prefect/utilities/asyncutils.py"", line 207, in run_coro_as_sync
    return call.result()
  File ""/usr/local/lib/python3.10/site-packages/prefect/_internal/concurrency/calls.py"", line 365, in result
    return self.future.result(timeout=timeout)
  File ""/usr/local/lib/python3.10/site-packages/prefect/_internal/concurrency/calls.py"", line 192, in result
    return self.__get_result()
  File ""/usr/local/lib/python3.10/concurrent/futures/_base.py"", line 403, in __get_result
    raise self._exception
  File ""/usr/local/lib/python3.10/site-packages/prefect/_internal/concurrency/calls.py"", line 441, in _run_async
    result = await coro
  File ""/usr/local/lib/python3.10/site-packages/prefect/utilities/asyncutils.py"", line 188, in coroutine_wrapper
    return await task
  File ""/usr/local/lib/python3.10/site-packages/prefect/states.py"", line 85, in get_state_result
    return await _get_state_result(
  File ""/usr/local/lib/python3.10/site-packages/prefect/states.py"", line 157, in _get_state_result
    raise await get_state_exception(state)
  File ""/usr/local/lib/python3.10/site-packages/prefect/task_engine.py"", line 857, in run_context
    yield self
  File ""/usr/local/lib/python3.10/site-packages/prefect/task_engine.py"", line 1487, in run_task_sync
    engine.call_task_fn(txn)
  File ""/usr/local/lib/python3.10/site-packages/prefect/task_engine.py"", line 874, in call_task_fn
    result = call_with_parameters(self.task.fn, parameters)
  File ""/usr/local/lib/python3.10/site-packages/prefect/utilities/callables.py"", line 210, in call_with_parameters
    return fn(*args, **kwargs)
  File ""/app/modint-prefect-main/modint_prefect/prefect_flow.py"", line 135, in run_check_inference_status_redis
    raise InferenceFailError
modint_prefect.configs.InferenceFailError"
2025-11-11 01:17:20.649544+00:00,40,b0e7e967-4afc-4c5f-a5c8-53e7e4c5d032,,Process for flow run 'active-hippo' exited with status code: 1
