timestamp,level,flow_run_id,task_run_id,message
2025-10-23 06:56:20.479350+00:00,20,f1c12492-1a99-464b-bea4-0ada643b34bc,,Worker 'KubernetesWorker a05e490e-9eac-4523-9166-1b04920e6d58' submitting flow run 'f1c12492-1a99-464b-bea4-0ada643b34bc'
2025-10-23 06:56:20.633164+00:00,20,f1c12492-1a99-464b-bea4-0ada643b34bc,,Creating Kubernetes job...
2025-10-23 06:56:20.829665+00:00,20,f1c12492-1a99-464b-bea4-0ada643b34bc,,Completed submission of flow run 'f1c12492-1a99-464b-bea4-0ada643b34bc'
2025-10-23 06:56:27.238584+00:00,20,f1c12492-1a99-464b-bea4-0ada643b34bc,,Opening process...
2025-10-23 06:56:29.921994+00:00,20,f1c12492-1a99-464b-bea4-0ada643b34bc,, > Running git_clone step...
2025-10-23 06:56:35.491700+00:00,20,f1c12492-1a99-464b-bea4-0ada643b34bc,,Beginning flow run 'gray-lemur' for flow 'run-bhc-change-detection-flow'
2025-10-23 06:56:35.508022+00:00,20,f1c12492-1a99-464b-bea4-0ada643b34bc,,Using quad ID: L15-1751E-1272N
2025-10-23 06:56:35.509636+00:00,20,f1c12492-1a99-464b-bea4-0ada643b34bc,,Input path: /nas/COG/basemap_planet/Y2025/M03/D01/basemap_planet_global_monthly_2025_03_mosaic/40000_global_monthly_2025_03_mosaic_cog.tif
2025-10-23 06:56:35.511047+00:00,20,f1c12492-1a99-464b-bea4-0ada643b34bc,,Output directory: /nas/Projects/N-BHC24A/change_detection
2025-10-23 06:56:35.638703+00:00,20,f1c12492-1a99-464b-bea4-0ada643b34bc,019a0fda-e6d3-7295-abb5-f0674ebf8477,This job ID will be used - prefect-gray-lemur-1
2025-10-23 06:56:35.644103+00:00,20,f1c12492-1a99-464b-bea4-0ada643b34bc,019a0fda-e6d3-7295-abb5-f0674ebf8477,Finished in state Completed()
2025-10-23 06:56:35.996321+00:00,20,f1c12492-1a99-464b-bea4-0ada643b34bc,019a0fda-e73f-79e3-b5d5-f39a8628457d,Searching with specific quad_id pattern: /nas/Projects/N-BHC24A/segmentation/40000_global_monthly_2025_02_*--L15-1751E-1272N--road.gpkg
2025-10-23 06:56:36.104414+00:00,20,f1c12492-1a99-464b-bea4-0ada643b34bc,019a0fda-e73f-79e3-b5d5-f39a8628457d,Finished in state Completed()
2025-10-23 06:56:36.185282+00:00,20,f1c12492-1a99-464b-bea4-0ada643b34bc,019a0fda-e90f-7d0f-b32f-d6a2a31d70c8,Finished in state Completed()
2025-10-23 06:56:36.261532+00:00,20,f1c12492-1a99-464b-bea4-0ada643b34bc,019a0fda-e95f-7477-9d95-c4b86c489225,Finished in state Completed()
2025-10-23 06:56:36.270056+00:00,20,f1c12492-1a99-464b-bea4-0ada643b34bc,,Previous RGB VRT path: /nas/Projects/N-BHC24A/modint-prefect-workspace/temp/vrt/40000_global_monthly_2025_02_mosaic_cog_L15-1751E-1272N.vrt
2025-10-23 06:56:36.271873+00:00,20,f1c12492-1a99-464b-bea4-0ada643b34bc,,Current RGB VRT path: /nas/Projects/N-BHC24A/modint-prefect-workspace/temp/vrt/40000_global_monthly_2025_03_mosaic_cog_L15-1751E-1272N.vrt
2025-10-23 06:56:36.273628+00:00,20,f1c12492-1a99-464b-bea4-0ada643b34bc,,Previous mask path: /nas/Projects/N-BHC24A/segmentation/40000_global_monthly_2025_02_mosaic_cog--L15-1751E-1272N--road.gpkg
2025-10-23 06:56:36.275577+00:00,20,f1c12492-1a99-464b-bea4-0ada643b34bc,,Current mask path: /nas/Projects/N-BHC24A/segmentation/40000_global_monthly_2025_03_mosaic_cog--L15-1751E-1272N--road.gpkg
2025-10-23 06:56:36.437332+00:00,20,f1c12492-1a99-464b-bea4-0ada643b34bc,019a0fda-ea31-7f40-85d0-26ff2b1dedbc,Finished in state Completed()
2025-10-23 06:56:37.485824+00:00,20,f1c12492-1a99-464b-bea4-0ada643b34bc,019a0fda-e9b5-762f-ad55-dc39fe1e0243,Beginning subflow run 'super-coucal' for flow 'run-namespaced-job'
2025-10-23 06:56:42.967781+00:00,20,f1c12492-1a99-464b-bea4-0ada643b34bc,019a0fda-e9b5-762f-ad55-dc39fe1e0243,"[2025-10-23 15:56:41] All required packages seem to be installed correctly.
"
2025-10-23 06:56:42.970014+00:00,20,f1c12492-1a99-464b-bea4-0ada643b34bc,019a0fda-e9b5-762f-ad55-dc39fe1e0243,"[2025-10-23 15:56:41] 로그 파일이 '/app/argos_temp_work/prefect-gray-lemur-1/prefect-gray-lemur-1-logs.txt'에 생성되었습니다.
"
2025-10-23 06:56:42.973745+00:00,20,f1c12492-1a99-464b-bea4-0ada643b34bc,019a0fda-e9b5-762f-ad55-dc39fe1e0243,"[2025-10-23 15:56:41] Log file is being written to: /app/argos_temp_work/prefect-gray-lemur-1/prefect-gray-lemur-1-logs.txt
"
2025-10-23 06:56:42.975617+00:00,20,f1c12492-1a99-464b-bea4-0ada643b34bc,019a0fda-e9b5-762f-ad55-dc39fe1e0243,"[2025-10-23 15:56:41] Temporary work directory: /app/argos_temp_work/prefect-gray-lemur-1
"
2025-10-23 06:56:42.977811+00:00,20,f1c12492-1a99-464b-bea4-0ada643b34bc,019a0fda-e9b5-762f-ad55-dc39fe1e0243,"[2025-10-23 15:56:41] Final output will be saved in: /nas/Projects/N-BHC24A/change_detection
"
2025-10-23 06:56:42.979741+00:00,20,f1c12492-1a99-464b-bea4-0ada643b34bc,019a0fda-e9b5-762f-ad55-dc39fe1e0243,"[2025-10-23 15:56:41] --- Starting Analysis Pipeline ---
"
2025-10-23 06:56:42.981425+00:00,20,f1c12492-1a99-464b-bea4-0ada643b34bc,019a0fda-e9b5-762f-ad55-dc39fe1e0243,"[2025-10-23 15:56:41] [JOB_ID] prefect-gray-lemur-1 - Change detection analysis initiated
"
2025-10-23 06:56:42.983309+00:00,20,f1c12492-1a99-464b-bea4-0ada643b34bc,019a0fda-e9b5-762f-ad55-dc39fe1e0243,"[2025-10-23 15:56:41] [JOB_ID] prefect-gray-lemur-1 - Previous RGB: /nas/Projects/N-BHC24A/modint-prefect-workspace/temp/vrt/40000_global_monthly_2025_02_mosaic_cog_L15-1751E-1272N.vrt
"
2025-10-23 06:56:42.985204+00:00,20,f1c12492-1a99-464b-bea4-0ada643b34bc,019a0fda-e9b5-762f-ad55-dc39fe1e0243,"[2025-10-23 15:56:41] [JOB_ID] prefect-gray-lemur-1 - Current RGB: /nas/Projects/N-BHC24A/modint-prefect-workspace/temp/vrt/40000_global_monthly_2025_03_mosaic_cog_L15-1751E-1272N.vrt
"
2025-10-23 06:56:42.986913+00:00,20,f1c12492-1a99-464b-bea4-0ada643b34bc,019a0fda-e9b5-762f-ad55-dc39fe1e0243,"[2025-10-23 15:56:41] [JOB_ID] prefect-gray-lemur-1 - Previous Mask: /nas/Projects/N-BHC24A/segmentation/40000_global_monthly_2025_02_mosaic_cog--L15-1751E-1272N--road.gpkg
"
2025-10-23 06:56:42.988856+00:00,20,f1c12492-1a99-464b-bea4-0ada643b34bc,019a0fda-e9b5-762f-ad55-dc39fe1e0243,"[2025-10-23 15:56:41] [JOB_ID] prefect-gray-lemur-1 - Current Mask: /nas/Projects/N-BHC24A/segmentation/40000_global_monthly_2025_03_mosaic_cog--L15-1751E-1272N--road.gpkg
"
2025-10-23 06:56:42.990465+00:00,20,f1c12492-1a99-464b-bea4-0ada643b34bc,019a0fda-e9b5-762f-ad55-dc39fe1e0243,"[2025-10-23 15:56:41] [JOB_ID] prefect-gray-lemur-1 - Temp Work Directory: /app/argos_temp_work/prefect-gray-lemur-1
"
2025-10-23 06:56:42.991834+00:00,20,f1c12492-1a99-464b-bea4-0ada643b34bc,019a0fda-e9b5-762f-ad55-dc39fe1e0243,"[2025-10-23 15:56:41] [JOB_ID] prefect-gray-lemur-1 - Final Output Directory: /nas/Projects/N-BHC24A/change_detection
"
2025-10-23 06:56:42.993477+00:00,20,f1c12492-1a99-464b-bea4-0ada643b34bc,019a0fda-e9b5-762f-ad55-dc39fe1e0243,"[2025-10-23 15:56:41] [INFO] Converting prev GPKG to mask: /nas/Projects/N-BHC24A/segmentation/40000_global_monthly_2025_02_mosaic_cog--L15-1751E-1272N--road.gpkg
"
2025-10-23 06:56:42.995104+00:00,20,f1c12492-1a99-464b-bea4-0ada643b34bc,019a0fda-e9b5-762f-ad55-dc39fe1e0243,"[2025-10-23 15:56:41] --- Starting GPKG to Raster Mask Preprocessing for 40000_global_monthly_2025_02_mosaic_cog--L15-1751E-1272N--road.gpkg ---
"
2025-10-23 06:56:42.996491+00:00,20,f1c12492-1a99-464b-bea4-0ada643b34bc,019a0fda-e9b5-762f-ad55-dc39fe1e0243,"failed to watch directory ""/var/log/pods/serving_prefect-gray-lemur-1-8kqfg_12f317ca-844a-4773-b552-9b2bbb832f45/inference"": no space left on device"
2025-10-23 07:18:07.319962+00:00,40,f1c12492-1a99-464b-bea4-0ada643b34bc,019a0fda-e9b5-762f-ad55-dc39fe1e0243,"Task run failed with exception: RuntimeError(""Job 'prefect-gray-lemur-1' failed due to [], check the Kubernetes pod logs for more information."") - No retries configured for this task.
Traceback (most recent call last):
  File ""/usr/local/lib/python3.10/site-packages/prefect/task_engine.py"", line 857, in run_context
    yield self
  File ""/usr/local/lib/python3.10/site-packages/prefect/task_engine.py"", line 1487, in run_task_sync
    engine.call_task_fn(txn)
  File ""/usr/local/lib/python3.10/site-packages/prefect/task_engine.py"", line 874, in call_task_fn
    result = call_with_parameters(self.task.fn, parameters)
  File ""/usr/local/lib/python3.10/site-packages/prefect/utilities/callables.py"", line 210, in call_with_parameters
    return fn(*args, **kwargs)
  File ""/app/modint-prefect-main/modint_prefect/prefect_flow.py"", line 334, in run_inference_serving
    run_namespaced_job(job, print_func=logger.info)
  File ""/usr/local/lib/python3.10/site-packages/prefect/flows.py"", line 1702, in __call__
    return run_flow(
  File ""/usr/local/lib/python3.10/site-packages/prefect/flow_engine.py"", line 1554, in run_flow
    ret_val = run_flow_sync(**kwargs)
  File ""/usr/local/lib/python3.10/site-packages/prefect/flow_engine.py"", line 1399, in run_flow_sync
    return engine.state if return_type == ""state"" else engine.result()
  File ""/usr/local/lib/python3.10/site-packages/prefect/flow_engine.py"", line 361, in result
    raise self._raised
  File ""/usr/local/lib/python3.10/site-packages/prefect/flow_engine.py"", line 782, in run_context
    yield self
  File ""/usr/local/lib/python3.10/site-packages/prefect/flow_engine.py"", line 1397, in run_flow_sync
    engine.call_flow_fn()
  File ""/usr/local/lib/python3.10/site-packages/prefect/flow_engine.py"", line 802, in call_flow_fn
    result = call_with_parameters(self.flow.fn, self.parameters)
  File ""/usr/local/lib/python3.10/site-packages/prefect/utilities/callables.py"", line 210, in call_with_parameters
    return fn(*args, **kwargs)
  File ""/usr/local/lib/python3.10/site-packages/prefect_kubernetes/flows.py"", line 42, in run_namespaced_job
    task(kubernetes_job_run.wait_for_completion)(print_func)
  File ""/usr/local/lib/python3.10/site-packages/prefect/tasks.py"", line 1139, in __call__
    return run_task(
  File ""/usr/local/lib/python3.10/site-packages/prefect/task_engine.py"", line 1714, in run_task
    return run_task_sync(**kwargs)
  File ""/usr/local/lib/python3.10/site-packages/prefect/task_engine.py"", line 1489, in run_task_sync
    return engine.state if return_type == ""state"" else engine.result()
  File ""/usr/local/lib/python3.10/site-packages/prefect/task_engine.py"", line 478, in result
    raise self._raised
  File ""/usr/local/lib/python3.10/site-packages/prefect/task_engine.py"", line 857, in run_context
    yield self
  File ""/usr/local/lib/python3.10/site-packages/prefect/task_engine.py"", line 1487, in run_task_sync
    engine.call_task_fn(txn)
  File ""/usr/local/lib/python3.10/site-packages/prefect/task_engine.py"", line 874, in call_task_fn
    result = call_with_parameters(self.task.fn, parameters)
  File ""/usr/local/lib/python3.10/site-packages/prefect/utilities/callables.py"", line 210, in call_with_parameters
    return fn(*args, **kwargs)
  File ""/usr/local/lib/python3.10/site-packages/prefect/utilities/asyncutils.py"", line 351, in coroutine_wrapper
    return run_coro_as_sync(ctx_call())
  File ""/usr/local/lib/python3.10/site-packages/prefect/utilities/asyncutils.py"", line 207, in run_coro_as_sync
    return call.result()
  File ""/usr/local/lib/python3.10/site-packages/prefect/_internal/concurrency/calls.py"", line 365, in result
    return self.future.result(timeout=timeout)
  File ""/usr/local/lib/python3.10/site-packages/prefect/_internal/concurrency/calls.py"", line 192, in result
    return self.__get_result()
  File ""/usr/local/lib/python3.10/concurrent/futures/_base.py"", line 403, in __get_result
    raise self._exception
  File ""/usr/local/lib/python3.10/site-packages/prefect/_internal/concurrency/calls.py"", line 441, in _run_async
    result = await coro
  File ""/usr/local/lib/python3.10/site-packages/prefect/utilities/asyncutils.py"", line 188, in coroutine_wrapper
    return await task
  File ""/usr/local/lib/python3.10/site-packages/prefect/utilities/asyncutils.py"", line 341, in ctx_call
    result = await async_fn(*args, **kwargs)
  File ""/usr/local/lib/python3.10/site-packages/prefect_kubernetes/jobs.py"", line 472, in wait_for_completion
    raise RuntimeError(
RuntimeError: Job 'prefect-gray-lemur-1' failed due to [], check the Kubernetes pod logs for more information."
2025-10-23 07:18:07.345804+00:00,40,f1c12492-1a99-464b-bea4-0ada643b34bc,019a0fda-e9b5-762f-ad55-dc39fe1e0243,"Finished in state Failed(""Task run encountered an exception RuntimeError: Job 'prefect-gray-lemur-1' failed due to [], check the Kubernetes pod logs for more information."")"
2025-10-23 07:18:07.352394+00:00,40,f1c12492-1a99-464b-bea4-0ada643b34bc,,"Encountered exception during execution: RuntimeError(""Job 'prefect-gray-lemur-1' failed due to [], check the Kubernetes pod logs for more information."")
Traceback (most recent call last):
  File ""/usr/local/lib/python3.10/site-packages/prefect/flow_engine.py"", line 782, in run_context
    yield self
  File ""/usr/local/lib/python3.10/site-packages/prefect/flow_engine.py"", line 1397, in run_flow_sync
    engine.call_flow_fn()
  File ""/usr/local/lib/python3.10/site-packages/prefect/flow_engine.py"", line 802, in call_flow_fn
    result = call_with_parameters(self.flow.fn, self.parameters)
  File ""/usr/local/lib/python3.10/site-packages/prefect/utilities/callables.py"", line 210, in call_with_parameters
    return fn(*args, **kwargs)
  File ""/app/modint-prefect-main/modint_prefect/prefect_flow.py"", line 803, in run_bhc_change_detection_flow
    inference_future.result()
  File ""/usr/local/lib/python3.10/site-packages/prefect/futures.py"", line 222, in result
    _result = self._final_state.result(
  File ""/usr/local/lib/python3.10/site-packages/prefect/_internal/compatibility/async_dispatch.py"", line 94, in wrapper
    return fn(*args, **kwargs)
  File ""/usr/local/lib/python3.10/site-packages/prefect/client/schemas/objects.py"", line 366, in result
    return run_coro_as_sync(
  File ""/usr/local/lib/python3.10/site-packages/prefect/utilities/asyncutils.py"", line 207, in run_coro_as_sync
    return call.result()
  File ""/usr/local/lib/python3.10/site-packages/prefect/_internal/concurrency/calls.py"", line 365, in result
    return self.future.result(timeout=timeout)
  File ""/usr/local/lib/python3.10/site-packages/prefect/_internal/concurrency/calls.py"", line 192, in result
    return self.__get_result()
  File ""/usr/local/lib/python3.10/concurrent/futures/_base.py"", line 403, in __get_result
    raise self._exception
  File ""/usr/local/lib/python3.10/site-packages/prefect/_internal/concurrency/calls.py"", line 441, in _run_async
    result = await coro
  File ""/usr/local/lib/python3.10/site-packages/prefect/utilities/asyncutils.py"", line 188, in coroutine_wrapper
    return await task
  File ""/usr/local/lib/python3.10/site-packages/prefect/states.py"", line 85, in get_state_result
    return await _get_state_result(
  File ""/usr/local/lib/python3.10/site-packages/prefect/states.py"", line 157, in _get_state_result
    raise await get_state_exception(state)
  File ""/usr/local/lib/python3.10/site-packages/prefect/task_engine.py"", line 857, in run_context
    yield self
  File ""/usr/local/lib/python3.10/site-packages/prefect/task_engine.py"", line 1487, in run_task_sync
    engine.call_task_fn(txn)
  File ""/usr/local/lib/python3.10/site-packages/prefect/task_engine.py"", line 874, in call_task_fn
    result = call_with_parameters(self.task.fn, parameters)
  File ""/usr/local/lib/python3.10/site-packages/prefect/utilities/callables.py"", line 210, in call_with_parameters
    return fn(*args, **kwargs)
  File ""/app/modint-prefect-main/modint_prefect/prefect_flow.py"", line 334, in run_inference_serving
    run_namespaced_job(job, print_func=logger.info)
  File ""/usr/local/lib/python3.10/site-packages/prefect/flows.py"", line 1702, in __call__
    return run_flow(
  File ""/usr/local/lib/python3.10/site-packages/prefect/flow_engine.py"", line 1554, in run_flow
    ret_val = run_flow_sync(**kwargs)
  File ""/usr/local/lib/python3.10/site-packages/prefect/flow_engine.py"", line 1399, in run_flow_sync
    return engine.state if return_type == ""state"" else engine.result()
  File ""/usr/local/lib/python3.10/site-packages/prefect/flow_engine.py"", line 361, in result
    raise self._raised
  File ""/usr/local/lib/python3.10/site-packages/prefect/flow_engine.py"", line 782, in run_context
    yield self
  File ""/usr/local/lib/python3.10/site-packages/prefect/flow_engine.py"", line 1397, in run_flow_sync
    engine.call_flow_fn()
  File ""/usr/local/lib/python3.10/site-packages/prefect/flow_engine.py"", line 802, in call_flow_fn
    result = call_with_parameters(self.flow.fn, self.parameters)
  File ""/usr/local/lib/python3.10/site-packages/prefect/utilities/callables.py"", line 210, in call_with_parameters
    return fn(*args, **kwargs)
  File ""/usr/local/lib/python3.10/site-packages/prefect_kubernetes/flows.py"", line 42, in run_namespaced_job
    task(kubernetes_job_run.wait_for_completion)(print_func)
  File ""/usr/local/lib/python3.10/site-packages/prefect/tasks.py"", line 1139, in __call__
    return run_task(
  File ""/usr/local/lib/python3.10/site-packages/prefect/task_engine.py"", line 1714, in run_task
    return run_task_sync(**kwargs)
  File ""/usr/local/lib/python3.10/site-packages/prefect/task_engine.py"", line 1489, in run_task_sync
    return engine.state if return_type == ""state"" else engine.result()
  File ""/usr/local/lib/python3.10/site-packages/prefect/task_engine.py"", line 478, in result
    raise self._raised
  File ""/usr/local/lib/python3.10/site-packages/prefect/task_engine.py"", line 857, in run_context
    yield self
  File ""/usr/local/lib/python3.10/site-packages/prefect/task_engine.py"", line 1487, in run_task_sync
    engine.call_task_fn(txn)
  File ""/usr/local/lib/python3.10/site-packages/prefect/task_engine.py"", line 874, in call_task_fn
    result = call_with_parameters(self.task.fn, parameters)
  File ""/usr/local/lib/python3.10/site-packages/prefect/utilities/callables.py"", line 210, in call_with_parameters
    return fn(*args, **kwargs)
  File ""/usr/local/lib/python3.10/site-packages/prefect/utilities/asyncutils.py"", line 351, in coroutine_wrapper
    return run_coro_as_sync(ctx_call())
  File ""/usr/local/lib/python3.10/site-packages/prefect/utilities/asyncutils.py"", line 207, in run_coro_as_sync
    return call.result()
  File ""/usr/local/lib/python3.10/site-packages/prefect/_internal/concurrency/calls.py"", line 365, in result
    return self.future.result(timeout=timeout)
  File ""/usr/local/lib/python3.10/site-packages/prefect/_internal/concurrency/calls.py"", line 192, in result
    return self.__get_result()
  File ""/usr/local/lib/python3.10/concurrent/futures/_base.py"", line 403, in __get_result
    raise self._exception
  File ""/usr/local/lib/python3.10/site-packages/prefect/_internal/concurrency/calls.py"", line 441, in _run_async
    result = await coro
  File ""/usr/local/lib/python3.10/site-packages/prefect/utilities/asyncutils.py"", line 188, in coroutine_wrapper
    return await task
  File ""/usr/local/lib/python3.10/site-packages/prefect/utilities/asyncutils.py"", line 341, in ctx_call
    result = await async_fn(*args, **kwargs)
  File ""/usr/local/lib/python3.10/site-packages/prefect_kubernetes/jobs.py"", line 472, in wait_for_completion
    raise RuntimeError(
RuntimeError: Job 'prefect-gray-lemur-1' failed due to [], check the Kubernetes pod logs for more information."
2025-10-23 07:18:07.447141+00:00,20,f1c12492-1a99-464b-bea4-0ada643b34bc,,"Finished in state Failed(""Flow run encountered an exception: RuntimeError: Job 'prefect-gray-lemur-1' failed due to [], check the Kubernetes pod logs for more information."")"
2025-10-23 07:18:07.449958+00:00,40,f1c12492-1a99-464b-bea4-0ada643b34bc,,"Engine execution exited with unexpected exception
Traceback (most recent call last):
  File ""/usr/local/lib/python3.10/site-packages/prefect/flow_engine.py"", line 1554, in run_flow
    ret_val = run_flow_sync(**kwargs)
  File ""/usr/local/lib/python3.10/site-packages/prefect/flow_engine.py"", line 1399, in run_flow_sync
    return engine.state if return_type == ""state"" else engine.result()
  File ""/usr/local/lib/python3.10/site-packages/prefect/flow_engine.py"", line 361, in result
    raise self._raised
  File ""/usr/local/lib/python3.10/site-packages/prefect/flow_engine.py"", line 782, in run_context
    yield self
  File ""/usr/local/lib/python3.10/site-packages/prefect/flow_engine.py"", line 1397, in run_flow_sync
    engine.call_flow_fn()
  File ""/usr/local/lib/python3.10/site-packages/prefect/flow_engine.py"", line 802, in call_flow_fn
    result = call_with_parameters(self.flow.fn, self.parameters)
  File ""/usr/local/lib/python3.10/site-packages/prefect/utilities/callables.py"", line 210, in call_with_parameters
    return fn(*args, **kwargs)
  File ""/app/modint-prefect-main/modint_prefect/prefect_flow.py"", line 803, in run_bhc_change_detection_flow
    inference_future.result()
  File ""/usr/local/lib/python3.10/site-packages/prefect/futures.py"", line 222, in result
    _result = self._final_state.result(
  File ""/usr/local/lib/python3.10/site-packages/prefect/_internal/compatibility/async_dispatch.py"", line 94, in wrapper
    return fn(*args, **kwargs)
  File ""/usr/local/lib/python3.10/site-packages/prefect/client/schemas/objects.py"", line 366, in result
    return run_coro_as_sync(
  File ""/usr/local/lib/python3.10/site-packages/prefect/utilities/asyncutils.py"", line 207, in run_coro_as_sync
    return call.result()
  File ""/usr/local/lib/python3.10/site-packages/prefect/_internal/concurrency/calls.py"", line 365, in result
    return self.future.result(timeout=timeout)
  File ""/usr/local/lib/python3.10/site-packages/prefect/_internal/concurrency/calls.py"", line 192, in result
    return self.__get_result()
  File ""/usr/local/lib/python3.10/concurrent/futures/_base.py"", line 403, in __get_result
    raise self._exception
  File ""/usr/local/lib/python3.10/site-packages/prefect/_internal/concurrency/calls.py"", line 441, in _run_async
    result = await coro
  File ""/usr/local/lib/python3.10/site-packages/prefect/utilities/asyncutils.py"", line 188, in coroutine_wrapper
    return await task
  File ""/usr/local/lib/python3.10/site-packages/prefect/states.py"", line 85, in get_state_result
    return await _get_state_result(
  File ""/usr/local/lib/python3.10/site-packages/prefect/states.py"", line 157, in _get_state_result
    raise await get_state_exception(state)
  File ""/usr/local/lib/python3.10/site-packages/prefect/task_engine.py"", line 857, in run_context
    yield self
  File ""/usr/local/lib/python3.10/site-packages/prefect/task_engine.py"", line 1487, in run_task_sync
    engine.call_task_fn(txn)
  File ""/usr/local/lib/python3.10/site-packages/prefect/task_engine.py"", line 874, in call_task_fn
    result = call_with_parameters(self.task.fn, parameters)
  File ""/usr/local/lib/python3.10/site-packages/prefect/utilities/callables.py"", line 210, in call_with_parameters
    return fn(*args, **kwargs)
  File ""/app/modint-prefect-main/modint_prefect/prefect_flow.py"", line 334, in run_inference_serving
    run_namespaced_job(job, print_func=logger.info)
  File ""/usr/local/lib/python3.10/site-packages/prefect/flows.py"", line 1702, in __call__
    return run_flow(
  File ""/usr/local/lib/python3.10/site-packages/prefect/flow_engine.py"", line 1554, in run_flow
    ret_val = run_flow_sync(**kwargs)
  File ""/usr/local/lib/python3.10/site-packages/prefect/flow_engine.py"", line 1399, in run_flow_sync
    return engine.state if return_type == ""state"" else engine.result()
  File ""/usr/local/lib/python3.10/site-packages/prefect/flow_engine.py"", line 361, in result
    raise self._raised
  File ""/usr/local/lib/python3.10/site-packages/prefect/flow_engine.py"", line 782, in run_context
    yield self
  File ""/usr/local/lib/python3.10/site-packages/prefect/flow_engine.py"", line 1397, in run_flow_sync
    engine.call_flow_fn()
  File ""/usr/local/lib/python3.10/site-packages/prefect/flow_engine.py"", line 802, in call_flow_fn
    result = call_with_parameters(self.flow.fn, self.parameters)
  File ""/usr/local/lib/python3.10/site-packages/prefect/utilities/callables.py"", line 210, in call_with_parameters
    return fn(*args, **kwargs)
  File ""/usr/local/lib/python3.10/site-packages/prefect_kubernetes/flows.py"", line 42, in run_namespaced_job
    task(kubernetes_job_run.wait_for_completion)(print_func)
  File ""/usr/local/lib/python3.10/site-packages/prefect/tasks.py"", line 1139, in __call__
    return run_task(
  File ""/usr/local/lib/python3.10/site-packages/prefect/task_engine.py"", line 1714, in run_task
    return run_task_sync(**kwargs)
  File ""/usr/local/lib/python3.10/site-packages/prefect/task_engine.py"", line 1489, in run_task_sync
    return engine.state if return_type == ""state"" else engine.result()
  File ""/usr/local/lib/python3.10/site-packages/prefect/task_engine.py"", line 478, in result
    raise self._raised
  File ""/usr/local/lib/python3.10/site-packages/prefect/task_engine.py"", line 857, in run_context
    yield self
  File ""/usr/local/lib/python3.10/site-packages/prefect/task_engine.py"", line 1487, in run_task_sync
    engine.call_task_fn(txn)
  File ""/usr/local/lib/python3.10/site-packages/prefect/task_engine.py"", line 874, in call_task_fn
    result = call_with_parameters(self.task.fn, parameters)
  File ""/usr/local/lib/python3.10/site-packages/prefect/utilities/callables.py"", line 210, in call_with_parameters
    return fn(*args, **kwargs)
  File ""/usr/local/lib/python3.10/site-packages/prefect/utilities/asyncutils.py"", line 351, in coroutine_wrapper
    return run_coro_as_sync(ctx_call())
  File ""/usr/local/lib/python3.10/site-packages/prefect/utilities/asyncutils.py"", line 207, in run_coro_as_sync
    return call.result()
  File ""/usr/local/lib/python3.10/site-packages/prefect/_internal/concurrency/calls.py"", line 365, in result
    return self.future.result(timeout=timeout)
  File ""/usr/local/lib/python3.10/site-packages/prefect/_internal/concurrency/calls.py"", line 192, in result
    return self.__get_result()
  File ""/usr/local/lib/python3.10/concurrent/futures/_base.py"", line 403, in __get_result
    raise self._exception
  File ""/usr/local/lib/python3.10/site-packages/prefect/_internal/concurrency/calls.py"", line 441, in _run_async
    result = await coro
  File ""/usr/local/lib/python3.10/site-packages/prefect/utilities/asyncutils.py"", line 188, in coroutine_wrapper
    return await task
  File ""/usr/local/lib/python3.10/site-packages/prefect/utilities/asyncutils.py"", line 341, in ctx_call
    result = await async_fn(*args, **kwargs)
  File ""/usr/local/lib/python3.10/site-packages/prefect_kubernetes/jobs.py"", line 472, in wait_for_completion
    raise RuntimeError(
RuntimeError: Job 'prefect-gray-lemur-1' failed due to [], check the Kubernetes pod logs for more information."
2025-10-23 07:18:08.218319+00:00,40,f1c12492-1a99-464b-bea4-0ada643b34bc,,Process for flow run 'gray-lemur' exited with status code: 1
